[35m[1mConsolidate compiler generated dependencies of target news_station[0m
[ 50%] Built target cpp_node
[ 75%] [32mBuilding CXX object CMakeFiles/news_station.dir/src/news_station.cpp.o[0m
[01m[K/home/lucifer/humble_ws/study_ws/src/cpp_pkg/src/news_station.cpp:[m[K In member function â€˜[01m[Kvoid news_station::publishNews()[m[Kâ€™:
[01m[K/home/lucifer/humble_ws/study_ws/src/cpp_pkg/src/news_station.cpp:19:81:[m[K [01;31m[Kerror: [m[Kâ€˜[01m[Kcounter[m[Kâ€™ was not declared in this scope
   19 |         msg.data = "Hello, I'm " + robot_name_ +", This is a Broadcast.." + str([01;31m[Kcounter[m[K);
      |                                                                                 [01;31m[K^~~~~~~[m[K
[01m[K/home/lucifer/humble_ws/study_ws/src/cpp_pkg/src/news_station.cpp:19:77:[m[K [01;31m[Kerror: [m[Kâ€˜[01m[Kstr[m[Kâ€™ was not declared in this scope; did you mean â€˜[01m[Kstd[m[Kâ€™?
   19 |         msg.data = "Hello, I'm " + robot_name_ +", This is a Broadcast.." + [01;31m[Kstr[m[K(counter);
      |                                                                             [01;31m[K^~~[m[K
      |                                                                             [32m[Kstd[m[K
gmake[2]: *** [CMakeFiles/news_station.dir/build.make:76: CMakeFiles/news_station.dir/src/news_station.cpp.o] Error 1
gmake[1]: *** [CMakeFiles/Makefile2:165: CMakeFiles/news_station.dir/all] Error 2
gmake: *** [Makefile:146: all] Error 2
