[0.014s] Invoking command in '/home/lucifer/humble_ws/study_ws/build/cpp_pkg': CMAKE_PREFIX_PATH=${CMAKE_PREFIX_PATH}:/home/lucifer/humble_ws/study_ws/install/py_pkg:/opt/ros/humble /usr/bin/cmake --build /home/lucifer/humble_ws/study_ws/build/cpp_pkg -- -j8 -l8
[0.050s] -- Found ament_cmake: 1.3.10 (/opt/ros/humble/share/ament_cmake/cmake)
[0.197s] -- Found rclcpp: 16.0.10 (/opt/ros/humble/share/rclcpp/cmake)
[0.224s] -- Found rosidl_generator_c: 3.1.5 (/opt/ros/humble/share/rosidl_generator_c/cmake)
[0.228s] -- Found rosidl_adapter: 3.1.5 (/opt/ros/humble/share/rosidl_adapter/cmake)
[0.233s] -- Found rosidl_generator_cpp: 3.1.5 (/opt/ros/humble/share/rosidl_generator_cpp/cmake)
[0.243s] -- Using all available rosidl_typesupport_c: rosidl_typesupport_fastrtps_c;rosidl_typesupport_introspection_c
[0.256s] -- Using all available rosidl_typesupport_cpp: rosidl_typesupport_fastrtps_cpp;rosidl_typesupport_introspection_cpp
[0.289s] -- Found rmw_implementation_cmake: 6.1.2 (/opt/ros/humble/share/rmw_implementation_cmake/cmake)
[0.290s] -- Found rmw_fastrtps_cpp: 6.2.7 (/opt/ros/humble/share/rmw_fastrtps_cpp/cmake)
[0.401s] -- Using RMW implementation 'rmw_fastrtps_cpp' as default
[0.461s] -- Found ament_lint_auto: 0.12.11 (/opt/ros/humble/share/ament_lint_auto/cmake)
[0.533s] -- Added test 'cppcheck' to perform static code analysis on C / C++ code
[0.533s] -- Configured cppcheck include dirs: 
[0.533s] -- Configured cppcheck exclude dirs and/or files: 
[0.534s] -- Added test 'lint_cmake' to check CMake code style
[0.535s] -- Added test 'uncrustify' to check C / C++ code style
[0.535s] -- Configured uncrustify additional arguments: 
[0.535s] -- Added test 'xmllint' to check XML markup files
[0.536s] -- Configuring done
[0.543s] [33mCMake Warning (dev) at CMakeLists.txt:22 (add_executable):
[0.544s]   Policy CMP0115 is not set: Source file extensions must be explicit.  Run
[0.544s]   "cmake --help-policy CMP0115" for policy details.  Use the cmake_policy
[0.544s]   command to set the policy and suppress this warning.
[0.544s] 
[0.544s]   File:
[0.544s] 
[0.544s]     /home/lucifer/humble_ws/study_ws/src/cpp_pkg/src/NumberPublisher.cpp
[0.544s] This warning is for project developers.  Use -Wno-dev to suppress it.
[0.545s] [0m
[0.545s] [33mCMake Warning (dev) at CMakeLists.txt:25 (add_executable):
[0.545s]   Policy CMP0115 is not set: Source file extensions must be explicit.  Run
[0.545s]   "cmake --help-policy CMP0115" for policy details.  Use the cmake_policy
[0.545s]   command to set the policy and suppress this warning.
[0.545s] 
[0.545s]   File:
[0.545s] 
[0.545s]     /home/lucifer/humble_ws/study_ws/src/cpp_pkg/src/NumberCounter.cpp
[0.546s] This warning is for project developers.  Use -Wno-dev to suppress it.
[0.546s] [0m
[0.570s] -- Generating done
[0.572s] -- Build files have been written to: /home/lucifer/humble_ws/study_ws/build/cpp_pkg
[0.601s] [35m[1mConsolidate compiler generated dependencies of target radio[0m
[0.601s] [35m[1mConsolidate compiler generated dependencies of target cpp_node[0m
[0.604s] [35m[1mConsolidate compiler generated dependencies of target news_station[0m
[0.616s] [ 10%] [32mBuilding CXX object CMakeFiles/NumberPublisher.dir/src/NumberPublisher.cpp.o[0m
[0.619s] [ 20%] [32mBuilding CXX object CMakeFiles/NumberCounter.dir/src/NumberCounter.cpp.o[0m
[0.666s] [ 40%] Built target cpp_node
[0.669s] [ 80%] Built target radio
[0.669s] [ 80%] Built target news_station
[1.049s] [01m[K/home/lucifer/humble_ws/study_ws/src/cpp_pkg/src/NumberCounter.cpp:2:10:[m[K [01;31m[Kfatal error: [m[Kexample_interfaces/msg/int64.hpp: No such file or directory
[1.049s]     2 | #include [01;31m[K"example_interfaces/msg/int64.hpp"[m[K
[1.049s]       |          [01;31m[K^~~~~~~~~~~~~~~~~~~~~~~~~~~~~~~~~~[m[K
[1.049s] [01m[K/home/lucifer/humble_ws/study_ws/src/cpp_pkg/src/NumberPublisher.cpp:2:10:[m[K [01;31m[Kfatal error: [m[Kexample_interfaces/msg/int64.hpp: No such file or directory
[1.049s]     2 | #include [01;31m[K"example_interfaces/msg/int64.hpp"[m[K
[1.049s]       |          [01;31m[K^~~~~~~~~~~~~~~~~~~~~~~~~~~~~~~~~~[m[K
[1.049s] compilation terminated.
[1.050s] compilation terminated.
[1.052s] gmake[2]: *** [CMakeFiles/NumberCounter.dir/build.make:76: CMakeFiles/NumberCounter.dir/src/NumberCounter.cpp.o] Error 1
[1.052s] gmake[1]: *** [CMakeFiles/Makefile2:249: CMakeFiles/NumberCounter.dir/all] Error 2
[1.053s] gmake[1]: *** Waiting for unfinished jobs....
[1.053s] gmake[2]: *** [CMakeFiles/NumberPublisher.dir/build.make:76: CMakeFiles/NumberPublisher.dir/src/NumberPublisher.cpp.o] Error 1
[1.053s] gmake[1]: *** [CMakeFiles/Makefile2:223: CMakeFiles/NumberPublisher.dir/all] Error 2
[1.053s] gmake: *** [Makefile:146: all] Error 2
[1.057s] Invoked command in '/home/lucifer/humble_ws/study_ws/build/cpp_pkg' returned '2': CMAKE_PREFIX_PATH=${CMAKE_PREFIX_PATH}:/home/lucifer/humble_ws/study_ws/install/py_pkg:/opt/ros/humble /usr/bin/cmake --build /home/lucifer/humble_ws/study_ws/build/cpp_pkg -- -j8 -l8
