[0.013s] Invoking command in '/home/lucifer/humble_ws/study_ws/build/cpp_pkg': CMAKE_PREFIX_PATH=${CMAKE_PREFIX_PATH}:/home/lucifer/humble_ws/study_ws/install/py_pkg:/opt/ros/humble /usr/bin/cmake --build /home/lucifer/humble_ws/study_ws/build/cpp_pkg -- -j8 -l8
[0.083s] [ 44%] Built target NumberPublisher
[0.083s] [ 44%] Built target cpp_node
[0.083s] [ 50%] Built target radio
[0.083s] [ 44%] Built target news_station
[0.084s] [ 55%] Built target NumberCounter
[0.084s] [ 66%] Built target sumServer
[0.084s] [ 77%] Built target client_sumServer_noop
[0.085s] [ 88%] Built target client_sumServer
[0.093s] [35m[1mConsolidate compiler generated dependencies of target HardwareStatusPublisher[0m
[0.109s] [ 94%] [32mBuilding CXX object CMakeFiles/HardwareStatusPublisher.dir/src/hw_statusPublisher.cpp.o[0m
[2.558s] [01m[K/home/lucifer/humble_ws/study_ws/src/cpp_pkg/src/hw_statusPublisher.cpp:[m[K In constructor â€˜[01m[KHardwareStatusPublisherNode::HardwareStatusPublisherNode()[m[Kâ€™:
[2.558s] [01m[K/home/lucifer/humble_ws/study_ws/src/cpp_pkg/src/hw_statusPublisher.cpp:13:24:[m[K [01;31m[Kerror: [m[Kâ€˜[01m[KHardwareStatusPublisher[m[Kâ€™ has not been declared
[2.558s]    13 |             std::bind(&[01;31m[KHardwareStatusPublisher[m[K::publishHardwareStatus, this));
[2.558s]       |                        [01;31m[K^~~~~~~~~~~~~~~~~~~~~~~[m[K
[3.426s] gmake[2]: *** [CMakeFiles/HardwareStatusPublisher.dir/build.make:76: CMakeFiles/HardwareStatusPublisher.dir/src/hw_statusPublisher.cpp.o] Error 1
[3.426s] gmake[1]: *** [CMakeFiles/Makefile2:361: CMakeFiles/HardwareStatusPublisher.dir/all] Error 2
[3.426s] gmake: *** [Makefile:146: all] Error 2
[3.429s] Invoked command in '/home/lucifer/humble_ws/study_ws/build/cpp_pkg' returned '2': CMAKE_PREFIX_PATH=${CMAKE_PREFIX_PATH}:/home/lucifer/humble_ws/study_ws/install/py_pkg:/opt/ros/humble /usr/bin/cmake --build /home/lucifer/humble_ws/study_ws/build/cpp_pkg -- -j8 -l8
