[0.012s] Invoking command in '/home/lucifer/humble_ws/study_ws/build/cpp_pkg': CMAKE_PREFIX_PATH=${CMAKE_PREFIX_PATH}:/home/lucifer/humble_ws/study_ws/install/py_pkg:/opt/ros/humble /usr/bin/cmake --build /home/lucifer/humble_ws/study_ws/build/cpp_pkg -- -j8 -l8
[0.040s] -- Found ament_cmake: 1.3.10 (/opt/ros/humble/share/ament_cmake/cmake)
[0.179s] -- Override CMake install command with custom implementation using symlinks instead of copying resources
[0.195s] -- Found rclcpp: 16.0.10 (/opt/ros/humble/share/rclcpp/cmake)
[0.236s] -- Found rosidl_generator_c: 3.1.5 (/opt/ros/humble/share/rosidl_generator_c/cmake)
[0.239s] -- Found rosidl_adapter: 3.1.5 (/opt/ros/humble/share/rosidl_adapter/cmake)
[0.248s] -- Found rosidl_generator_cpp: 3.1.5 (/opt/ros/humble/share/rosidl_generator_cpp/cmake)
[0.261s] -- Using all available rosidl_typesupport_c: rosidl_typesupport_fastrtps_c;rosidl_typesupport_introspection_c
[0.277s] -- Using all available rosidl_typesupport_cpp: rosidl_typesupport_fastrtps_cpp;rosidl_typesupport_introspection_cpp
[0.319s] -- Found rmw_implementation_cmake: 6.1.2 (/opt/ros/humble/share/rmw_implementation_cmake/cmake)
[0.322s] -- Found rmw_fastrtps_cpp: 6.2.7 (/opt/ros/humble/share/rmw_fastrtps_cpp/cmake)
[0.437s] -- Using RMW implementation 'rmw_fastrtps_cpp' as default
[0.504s] -- Found example_interfaces: 0.9.3 (/opt/ros/humble/share/example_interfaces/cmake)
[0.565s] -- Found ament_lint_auto: 0.12.11 (/opt/ros/humble/share/ament_lint_auto/cmake)
[0.653s] -- Added test 'cppcheck' to perform static code analysis on C / C++ code
[0.654s] -- Configured cppcheck include dirs: 
[0.654s] -- Configured cppcheck exclude dirs and/or files: 
[0.655s] -- Added test 'lint_cmake' to check CMake code style
[0.656s] -- Added test 'uncrustify' to check C / C++ code style
[0.656s] -- Configured uncrustify additional arguments: 
[0.657s] -- Added test 'xmllint' to check XML markup files
[0.659s] -- Configuring done
[0.664s] [33mCMake Warning (dev) at CMakeLists.txt:23 (add_executable):
[0.665s]   Policy CMP0115 is not set: Source file extensions must be explicit.  Run
[0.665s]   "cmake --help-policy CMP0115" for policy details.  Use the cmake_policy
[0.665s]   command to set the policy and suppress this warning.
[0.665s] 
[0.665s]   File:
[0.665s] 
[0.665s]     /home/lucifer/humble_ws/study_ws/src/cpp_pkg/src/NumberPublisher.cpp
[0.665s] This warning is for project developers.  Use -Wno-dev to suppress it.
[0.665s] [0m
[0.666s] [33mCMake Warning (dev) at CMakeLists.txt:26 (add_executable):
[0.666s]   Policy CMP0115 is not set: Source file extensions must be explicit.  Run
[0.666s]   "cmake --help-policy CMP0115" for policy details.  Use the cmake_policy
[0.666s]   command to set the policy and suppress this warning.
[0.666s] 
[0.666s]   File:
[0.666s] 
[0.666s]     /home/lucifer/humble_ws/study_ws/src/cpp_pkg/src/NumberCounter.cpp
[0.666s] This warning is for project developers.  Use -Wno-dev to suppress it.
[0.666s] [0m
[0.666s] [33mCMake Warning (dev) at CMakeLists.txt:32 (add_executable):
[0.666s]   Policy CMP0115 is not set: Source file extensions must be explicit.  Run
[0.666s]   "cmake --help-policy CMP0115" for policy details.  Use the cmake_policy
[0.666s]   command to set the policy and suppress this warning.
[0.666s] 
[0.666s]   File:
[0.667s] 
[0.667s]     /home/lucifer/humble_ws/study_ws/src/cpp_pkg/src/client_sumServer_noop.cpp
[0.667s] This warning is for project developers.  Use -Wno-dev to suppress it.
[0.667s] [0m
[0.699s] -- Generating done
[0.702s] -- Build files have been written to: /home/lucifer/humble_ws/study_ws/build/cpp_pkg
[0.744s] [35m[1mConsolidate compiler generated dependencies of target radio[0m
[0.744s] [35m[1mConsolidate compiler generated dependencies of target NumberCounter[0m
[0.744s] [35m[1mConsolidate compiler generated dependencies of target sumServer[0m
[0.744s] [35m[1mConsolidate compiler generated dependencies of target NumberPublisher[0m
[0.745s] [35m[1mConsolidate compiler generated dependencies of target news_station[0m
[0.745s] [35m[1mConsolidate compiler generated dependencies of target client_sumServer[0m
[0.749s] [35m[1mConsolidate compiler generated dependencies of target client_sumServer_noop[0m
[0.756s] [35m[1mConsolidate compiler generated dependencies of target cpp_node[0m
[0.766s] [ 12%] Built target NumberCounter
[0.773s] [ 31%] Built target news_station
[0.774s] [ 37%] Built target NumberPublisher
[0.775s] [ 50%] Built target radio
[0.776s] [ 62%] Built target sumServer
[0.780s] [ 68%] [32mBuilding CXX object CMakeFiles/client_sumServer.dir/src/client_sumServer.cpp.o[0m
[0.783s] [ 81%] Built target client_sumServer_noop
[0.784s] [ 93%] Built target cpp_node
[4.204s] [01m[K/home/lucifer/humble_ws/study_ws/src/cpp_pkg/src/client_sumServer.cpp:[m[K In constructor â€˜[01m[KClient_SumServer_Node::Client_SumServer_Node()[m[Kâ€™:
[4.204s] [01m[K/home/lucifer/humble_ws/study_ws/src/cpp_pkg/src/client_sumServer.cpp:15:5:[m[K [01;31m[Kerror: [m[Kexpected â€˜[01m[K;[m[Kâ€™ before â€˜[01m[K}[m[Kâ€™ token
[4.204s]    15 |     [01;31m[K}[m[K
[4.204s]       |     [01;31m[K^[m[K
[4.278s] In file included from [01m[K/opt/ros/humble/include/rclcpp/rclcpp/client.hpp:40[m[K,
[4.278s]                  from [01m[K/opt/ros/humble/include/rclcpp/rclcpp/callback_group.hpp:24[m[K,
[4.278s]                  from [01m[K/opt/ros/humble/include/rclcpp/rclcpp/any_executable.hpp:20[m[K,
[4.278s]                  from [01m[K/opt/ros/humble/include/rclcpp/rclcpp/memory_strategy.hpp:25[m[K,
[4.278s]                  from [01m[K/opt/ros/humble/include/rclcpp/rclcpp/memory_strategies.hpp:18[m[K,
[4.278s]                  from [01m[K/opt/ros/humble/include/rclcpp/rclcpp/executor_options.hpp:20[m[K,
[4.278s]                  from [01m[K/opt/ros/humble/include/rclcpp/rclcpp/executor.hpp:37[m[K,
[4.278s]                  from [01m[K/opt/ros/humble/include/rclcpp/rclcpp/executors/multi_threaded_executor.hpp:25[m[K,
[4.278s]                  from [01m[K/opt/ros/humble/include/rclcpp/rclcpp/executors.hpp:21[m[K,
[4.278s]                  from [01m[K/opt/ros/humble/include/rclcpp/rclcpp/rclcpp.hpp:155[m[K,
[4.279s]                  from [01m[K/home/lucifer/humble_ws/study_ws/src/cpp_pkg/src/client_sumServer.cpp:1[m[K:
[4.279s] [01m[K/home/lucifer/humble_ws/study_ws/src/cpp_pkg/src/client_sumServer.cpp:[m[K In member function â€˜[01m[Kvoid Client_SumServer_Node::Client_SumServer_Callback(int, int)[m[Kâ€™:
[4.279s] [01m[K/home/lucifer/humble_ws/study_ws/src/cpp_pkg/src/client_sumServer.cpp:32:13:[m[K [01;31m[Kerror: [m[Kexpected â€˜[01m[K,[m[Kâ€™ or â€˜[01m[K;[m[Kâ€™ before â€˜[01m[Kdo[m[Kâ€™
[4.279s]    32 |             [01;31m[KRCLCPP_INFO[m[K(this->get_logger(), "%ld + %ld = %ld", a, b, response->sum);
[4.279s]       |             [01;31m[K^~~~~~~~~~~[m[K
[4.279s] [01m[K/home/lucifer/humble_ws/study_ws/src/cpp_pkg/src/client_sumServer.cpp:17:40:[m[K [01;35m[Kwarning: [m[Kunused parameter â€˜[01m[Ka[m[Kâ€™ [[01;35m[K]8;;https://gcc.gnu.org/onlinedocs/gcc/Warning-Options.html#index-Wunused-parameter-Wunused-parameter]8;;[m[K]
[4.279s]    17 |     void Client_SumServer_Callback([01;35m[Kint a[m[K, int b)
[4.279s]       |                                    [01;35m[K~~~~^[m[K
[4.279s] [01m[K/home/lucifer/humble_ws/study_ws/src/cpp_pkg/src/client_sumServer.cpp:17:47:[m[K [01;35m[Kwarning: [m[Kunused parameter â€˜[01m[Kb[m[Kâ€™ [[01;35m[K]8;;https://gcc.gnu.org/onlinedocs/gcc/Warning-Options.html#index-Wunused-parameter-Wunused-parameter]8;;[m[K]
[4.279s]    17 |     void Client_SumServer_Callback(int a, [01;35m[Kint b[m[K)
[4.279s]       |                                           [01;35m[K~~~~^[m[K
[5.026s] gmake[2]: *** [CMakeFiles/client_sumServer.dir/build.make:76: CMakeFiles/client_sumServer.dir/src/client_sumServer.cpp.o] Error 1
[5.026s] gmake[1]: *** [CMakeFiles/Makefile2:333: CMakeFiles/client_sumServer.dir/all] Error 2
[5.026s] gmake: *** [Makefile:146: all] Error 2
[5.030s] Invoked command in '/home/lucifer/humble_ws/study_ws/build/cpp_pkg' returned '2': CMAKE_PREFIX_PATH=${CMAKE_PREFIX_PATH}:/home/lucifer/humble_ws/study_ws/install/py_pkg:/opt/ros/humble /usr/bin/cmake --build /home/lucifer/humble_ws/study_ws/build/cpp_pkg -- -j8 -l8
