[0.009s] Invoking command in '/home/lucifer/humble_ws/test_ws/build/modbus_client_cpp': CMAKE_PREFIX_PATH=${CMAKE_PREFIX_PATH}:/home/lucifer/humble_ws/study_ws/install/turtle_hunter:/opt/ros/humble /usr/bin/cmake /home/lucifer/humble_ws/test_ws/src/modbus_client_cpp -DCMAKE_INSTALL_PREFIX=/home/lucifer/humble_ws/test_ws/install/modbus_client_cpp
[0.072s] -- The C compiler identification is GNU 11.4.0
[0.125s] -- The CXX compiler identification is GNU 11.4.0
[0.134s] -- Detecting C compiler ABI info
[0.207s] -- Detecting C compiler ABI info - done
[0.212s] -- Check for working C compiler: /usr/bin/cc - skipped
[0.212s] -- Detecting C compile features
[0.213s] -- Detecting C compile features - done
[0.215s] -- Detecting CXX compiler ABI info
[0.303s] -- Detecting CXX compiler ABI info - done
[0.308s] -- Check for working CXX compiler: /usr/bin/c++ - skipped
[0.309s] -- Detecting CXX compile features
[0.309s] -- Detecting CXX compile features - done
[0.312s] -- Found ament_cmake: 1.3.11 (/opt/ros/humble/share/ament_cmake/cmake)
[0.483s] -- Found Python3: /usr/bin/python3 (found version "3.10.12") found components: Interpreter 
[0.569s] -- Found rclcpp: 16.0.11 (/opt/ros/humble/share/rclcpp/cmake)
[0.602s] -- Found rosidl_generator_c: 3.1.6 (/opt/ros/humble/share/rosidl_generator_c/cmake)
[0.606s] -- Found rosidl_adapter: 3.1.6 (/opt/ros/humble/share/rosidl_adapter/cmake)
[0.612s] -- Found rosidl_generator_cpp: 3.1.6 (/opt/ros/humble/share/rosidl_generator_cpp/cmake)
[0.622s] -- Using all available rosidl_typesupport_c: rosidl_typesupport_fastrtps_c;rosidl_typesupport_introspection_c
[0.636s] -- Using all available rosidl_typesupport_cpp: rosidl_typesupport_fastrtps_cpp;rosidl_typesupport_introspection_cpp
[0.673s] -- Found rmw_implementation_cmake: 6.1.2 (/opt/ros/humble/share/rmw_implementation_cmake/cmake)
[0.675s] -- Found rmw_fastrtps_cpp: 6.2.7 (/opt/ros/humble/share/rmw_fastrtps_cpp/cmake)
[0.759s] -- Found OpenSSL: /usr/lib/x86_64-linux-gnu/libcrypto.so (found version "3.0.2")  
[0.780s] -- Found FastRTPS: /opt/ros/humble/include  
[0.812s] -- Using RMW implementation 'rmw_fastrtps_cpp' as default
[0.819s] -- Looking for pthread.h
[0.899s] -- Looking for pthread.h - found
[0.899s] -- Performing Test CMAKE_HAVE_LIBC_PTHREAD
[0.978s] -- Performing Test CMAKE_HAVE_LIBC_PTHREAD - Success
[0.979s] -- Found Threads: TRUE  
[1.022s] -- Found PkgConfig: /usr/bin/pkg-config (found version "0.29.2") 
[1.023s] -- Checking for module 'libmodbus'
[1.039s] --   Found libmodbus, version 3.1.6
[1.134s] -- Configuring done
[1.146s] -- Generating done
[1.150s] -- Build files have been written to: /home/lucifer/humble_ws/test_ws/build/modbus_client_cpp
[1.162s] Invoked command in '/home/lucifer/humble_ws/test_ws/build/modbus_client_cpp' returned '0': CMAKE_PREFIX_PATH=${CMAKE_PREFIX_PATH}:/home/lucifer/humble_ws/study_ws/install/turtle_hunter:/opt/ros/humble /usr/bin/cmake /home/lucifer/humble_ws/test_ws/src/modbus_client_cpp -DCMAKE_INSTALL_PREFIX=/home/lucifer/humble_ws/test_ws/install/modbus_client_cpp
[1.162s] Invoking command in '/home/lucifer/humble_ws/test_ws/build/modbus_client_cpp': CMAKE_PREFIX_PATH=${CMAKE_PREFIX_PATH}:/home/lucifer/humble_ws/study_ws/install/turtle_hunter:/opt/ros/humble /usr/bin/cmake --build /home/lucifer/humble_ws/test_ws/build/modbus_client_cpp -- -j4 -l4
[1.212s] [ 50%] [32mBuilding CXX object CMakeFiles/modbus_tcp_client.dir/src/modbus_tcp_client.cpp.o[0m
[1.238s] [100%] [32m[1mLinking CXX executable modbus_tcp_client[0m
[1.290s] /usr/bin/ld: /usr/lib/gcc/x86_64-linux-gnu/11/../../../x86_64-linux-gnu/Scrt1.o: in function `_start':
[1.290s] (.text+0x1b): undefined reference to `main'
[1.291s] collect2: error: ld returned 1 exit status
[1.293s] gmake[2]: *** [CMakeFiles/modbus_tcp_client.dir/build.make:151: modbus_tcp_client] Error 1
[1.293s] gmake[1]: *** [CMakeFiles/Makefile2:137: CMakeFiles/modbus_tcp_client.dir/all] Error 2
[1.293s] gmake: *** [Makefile:146: all] Error 2
[1.296s] Invoked command in '/home/lucifer/humble_ws/test_ws/build/modbus_client_cpp' returned '2': CMAKE_PREFIX_PATH=${CMAKE_PREFIX_PATH}:/home/lucifer/humble_ws/study_ws/install/turtle_hunter:/opt/ros/humble /usr/bin/cmake --build /home/lucifer/humble_ws/test_ws/build/modbus_client_cpp -- -j4 -l4
