[0.018s] Invoking command in '/home/lucifer/humble_ws/study_ws/build/cpp_pkg': CMAKE_PREFIX_PATH=${CMAKE_PREFIX_PATH}:/home/lucifer/humble_ws/study_ws/install/py_pkg:/opt/ros/humble /usr/bin/cmake --build /home/lucifer/humble_ws/study_ws/build/cpp_pkg -- -j8 -l8
[0.061s] -- Found ament_cmake: 1.3.10 (/opt/ros/humble/share/ament_cmake/cmake)
[0.235s] -- Found rclcpp: 16.0.10 (/opt/ros/humble/share/rclcpp/cmake)
[0.296s] -- Found rosidl_generator_c: 3.1.5 (/opt/ros/humble/share/rosidl_generator_c/cmake)
[0.300s] -- Found rosidl_adapter: 3.1.5 (/opt/ros/humble/share/rosidl_adapter/cmake)
[0.310s] -- Found rosidl_generator_cpp: 3.1.5 (/opt/ros/humble/share/rosidl_generator_cpp/cmake)
[0.323s] -- Using all available rosidl_typesupport_c: rosidl_typesupport_fastrtps_c;rosidl_typesupport_introspection_c
[0.342s] -- Using all available rosidl_typesupport_cpp: rosidl_typesupport_fastrtps_cpp;rosidl_typesupport_introspection_cpp
[0.394s] -- Found rmw_implementation_cmake: 6.1.2 (/opt/ros/humble/share/rmw_implementation_cmake/cmake)
[0.396s] -- Found rmw_fastrtps_cpp: 6.2.7 (/opt/ros/humble/share/rmw_fastrtps_cpp/cmake)
[0.525s] -- Using RMW implementation 'rmw_fastrtps_cpp' as default
[0.618s] -- Found ament_lint_auto: 0.12.11 (/opt/ros/humble/share/ament_lint_auto/cmake)
[0.720s] -- Added test 'cppcheck' to perform static code analysis on C / C++ code
[0.720s] -- Configured cppcheck include dirs: 
[0.720s] -- Configured cppcheck exclude dirs and/or files: 
[0.721s] -- Added test 'lint_cmake' to check CMake code style
[0.722s] -- Added test 'uncrustify' to check C / C++ code style
[0.722s] -- Configured uncrustify additional arguments: 
[0.723s] -- Added test 'xmllint' to check XML markup files
[0.724s] -- Configuring done
[0.746s] -- Generating done
[0.748s] -- Build files have been written to: /home/lucifer/humble_ws/study_ws/build/cpp_pkg
[0.776s] [35m[1mConsolidate compiler generated dependencies of target news_station[0m
[0.776s] [35m[1mConsolidate compiler generated dependencies of target cpp_node[0m
[0.789s] [ 16%] [32mBuilding CXX object CMakeFiles/radio.dir/src/radio.cpp.o[0m
[0.841s] [ 50%] Built target news_station
[0.844s] [ 83%] Built target cpp_node
[4.216s] [01m[K/home/lucifer/humble_ws/study_ws/src/cpp_pkg/src/radio.cpp:[m[K In constructor â€˜[01m[KradioNode::radioNode()[m[Kâ€™:
[4.216s] [01m[K/home/lucifer/humble_ws/study_ws/src/cpp_pkg/src/radio.cpp:9:9:[m[K [01;31m[Kerror: [m[Kâ€˜[01m[Ksubscriber_[m[Kâ€™ was not declared in this scope; did you mean â€˜[01m[Ksubscription_[m[Kâ€™?
[4.216s]     9 |         [01;31m[Ksubscriber_[m[K = this->create_subscription<std_msgs::msg::String>("news", 10,
[4.216s]       |         [01;31m[K^~~~~~~~~~~[m[K
[4.216s]       |         [32m[Ksubscription_[m[K
[6.928s] gmake[2]: *** [CMakeFiles/radio.dir/build.make:76: CMakeFiles/radio.dir/src/radio.cpp.o] Error 1
[6.928s] gmake[1]: *** [CMakeFiles/Makefile2:193: CMakeFiles/radio.dir/all] Error 2
[6.929s] gmake: *** [Makefile:146: all] Error 2
[6.931s] Invoked command in '/home/lucifer/humble_ws/study_ws/build/cpp_pkg' returned '2': CMAKE_PREFIX_PATH=${CMAKE_PREFIX_PATH}:/home/lucifer/humble_ws/study_ws/install/py_pkg:/opt/ros/humble /usr/bin/cmake --build /home/lucifer/humble_ws/study_ws/build/cpp_pkg -- -j8 -l8
