[35m[1mConsolidate compiler generated dependencies of target news_station[0m
[ 50%] Built target cpp_node
[ 75%] [32mBuilding CXX object CMakeFiles/news_station.dir/src/news_station.cpp.o[0m
[01m[K/home/lucifer/humble_ws/study_ws/src/cpp_pkg/src/news_station.cpp:[m[K In constructor â€˜[01m[Knews_station::news_station()[m[Kâ€™:
[01m[K/home/lucifer/humble_ws/study_ws/src/cpp_pkg/src/news_station.cpp:11:9:[m[K [01;31m[Kerror: [m[Kâ€˜[01m[Ktimer[m[Kâ€™ was not declared in this scope; did you mean â€˜[01m[Ktimer_[m[Kâ€™?
   11 |         [01;31m[Ktimer[m[K =  this->create_wall_timer(std::chrono::seconds(1),
      |         [01;31m[K^~~~~[m[K
      |         [32m[Ktimer_[m[K
[01m[K/home/lucifer/humble_ws/study_ws/src/cpp_pkg/src/news_station.cpp:14:5:[m[K [01;31m[Kerror: [m[Kexpected â€˜[01m[K;[m[Kâ€™ before â€˜[01m[K}[m[Kâ€™ token
   14 |     [01;31m[K}[m[K
      |     [01;31m[K^[m[K
gmake[2]: *** [CMakeFiles/news_station.dir/build.make:76: CMakeFiles/news_station.dir/src/news_station.cpp.o] Error 1
gmake[1]: *** [CMakeFiles/Makefile2:165: CMakeFiles/news_station.dir/all] Error 2
gmake: *** [Makefile:146: all] Error 2
