[0.010s] Invoking command in '/home/lucifer/humble_ws/study_ws/build/cpp_pkg': CMAKE_PREFIX_PATH=${CMAKE_PREFIX_PATH}:/home/lucifer/humble_ws/study_ws/install/py_pkg:/opt/ros/humble /usr/bin/cmake --build /home/lucifer/humble_ws/study_ws/build/cpp_pkg -- -j8 -l8
[0.054s] [35m[1mConsolidate compiler generated dependencies of target news_station[0m
[0.069s] [ 50%] Built target cpp_node
[0.074s] [ 75%] [32mBuilding CXX object CMakeFiles/news_station.dir/src/news_station.cpp.o[0m
[2.707s] [01m[K/home/lucifer/humble_ws/study_ws/src/cpp_pkg/src/news_station.cpp:[m[K In constructor â€˜[01m[Knews_station::news_station()[m[Kâ€™:
[2.707s] [01m[K/home/lucifer/humble_ws/study_ws/src/cpp_pkg/src/news_station.cpp:11:9:[m[K [01;31m[Kerror: [m[Kâ€˜[01m[Ktimer[m[Kâ€™ was not declared in this scope; did you mean â€˜[01m[Ktimer_[m[Kâ€™?
[2.707s]    11 |         [01;31m[Ktimer[m[K =  this->create_wall_timer(std::chrono::seconds(1),
[2.707s]       |         [01;31m[K^~~~~[m[K
[2.707s]       |         [32m[Ktimer_[m[K
[2.717s] [01m[K/home/lucifer/humble_ws/study_ws/src/cpp_pkg/src/news_station.cpp:14:5:[m[K [01;31m[Kerror: [m[Kexpected â€˜[01m[K;[m[Kâ€™ before â€˜[01m[K}[m[Kâ€™ token
[2.717s]    14 |     [01;31m[K}[m[K
[2.717s]       |     [01;31m[K^[m[K
[3.653s] gmake[2]: *** [CMakeFiles/news_station.dir/build.make:76: CMakeFiles/news_station.dir/src/news_station.cpp.o] Error 1
[3.654s] gmake[1]: *** [CMakeFiles/Makefile2:165: CMakeFiles/news_station.dir/all] Error 2
[3.654s] gmake: *** [Makefile:146: all] Error 2
[3.656s] Invoked command in '/home/lucifer/humble_ws/study_ws/build/cpp_pkg' returned '2': CMAKE_PREFIX_PATH=${CMAKE_PREFIX_PATH}:/home/lucifer/humble_ws/study_ws/install/py_pkg:/opt/ros/humble /usr/bin/cmake --build /home/lucifer/humble_ws/study_ws/build/cpp_pkg -- -j8 -l8
