[0.015s] Invoking command in '/home/lucifer/humble_ws/study_ws/build/cpp_pkg': CMAKE_PREFIX_PATH=${CMAKE_PREFIX_PATH}:/home/lucifer/humble_ws/study_ws/install/py_pkg:/opt/ros/humble /usr/bin/cmake --build /home/lucifer/humble_ws/study_ws/build/cpp_pkg -- -j8 -l8
[0.048s] -- Found ament_cmake: 1.3.10 (/opt/ros/humble/share/ament_cmake/cmake)
[0.242s] -- Found rclcpp: 16.0.10 (/opt/ros/humble/share/rclcpp/cmake)
[0.292s] -- Found rosidl_generator_c: 3.1.5 (/opt/ros/humble/share/rosidl_generator_c/cmake)
[0.298s] -- Found rosidl_adapter: 3.1.5 (/opt/ros/humble/share/rosidl_adapter/cmake)
[0.309s] -- Found rosidl_generator_cpp: 3.1.5 (/opt/ros/humble/share/rosidl_generator_cpp/cmake)
[0.326s] -- Using all available rosidl_typesupport_c: rosidl_typesupport_fastrtps_c;rosidl_typesupport_introspection_c
[0.347s] -- Using all available rosidl_typesupport_cpp: rosidl_typesupport_fastrtps_cpp;rosidl_typesupport_introspection_cpp
[0.407s] -- Found rmw_implementation_cmake: 6.1.2 (/opt/ros/humble/share/rmw_implementation_cmake/cmake)
[0.410s] -- Found rmw_fastrtps_cpp: 6.2.7 (/opt/ros/humble/share/rmw_fastrtps_cpp/cmake)
[0.549s] -- Using RMW implementation 'rmw_fastrtps_cpp' as default
[0.639s] -- Found ament_lint_auto: 0.12.11 (/opt/ros/humble/share/ament_lint_auto/cmake)
[0.728s] -- Added test 'cppcheck' to perform static code analysis on C / C++ code
[0.728s] -- Configured cppcheck include dirs: 
[0.728s] -- Configured cppcheck exclude dirs and/or files: 
[0.729s] -- Added test 'lint_cmake' to check CMake code style
[0.730s] -- Added test 'uncrustify' to check C / C++ code style
[0.731s] -- Configured uncrustify additional arguments: 
[0.731s] -- Added test 'xmllint' to check XML markup files
[0.732s] -- Configuring done
[0.748s] -- Generating done
[0.750s] -- Build files have been written to: /home/lucifer/humble_ws/study_ws/build/cpp_pkg
[0.780s] [35m[1mConsolidate compiler generated dependencies of target cpp_node[0m
[0.792s] [ 25%] [32mBuilding CXX object CMakeFiles/news_station.dir/src/news_station.cpp.o[0m
[0.799s] [ 75%] Built target cpp_node
[3.780s] [01m[K/home/lucifer/humble_ws/study_ws/src/cpp_pkg/src/news_station.cpp:[m[K In constructor â€˜[01m[Knews_station::news_station()[m[Kâ€™:
[3.781s] [01m[K/home/lucifer/humble_ws/study_ws/src/cpp_pkg/src/news_station.cpp:8:35:[m[K [01;31m[Kerror: [m[Kexpected â€˜[01m[K{[m[Kâ€™ before â€˜[01m[K:[m[Kâ€™ token
[3.781s]     8 |     news_station() : Node("news") [01;31m[K:[m[K
[3.781s]       |                                   [01;31m[K^[m[K
[4.325s] gmake[2]: *** [CMakeFiles/news_station.dir/build.make:76: CMakeFiles/news_station.dir/src/news_station.cpp.o] Error 1
[4.325s] gmake[1]: *** [CMakeFiles/Makefile2:165: CMakeFiles/news_station.dir/all] Error 2
[4.326s] gmake: *** [Makefile:146: all] Error 2
[4.329s] Invoked command in '/home/lucifer/humble_ws/study_ws/build/cpp_pkg' returned '2': CMAKE_PREFIX_PATH=${CMAKE_PREFIX_PATH}:/home/lucifer/humble_ws/study_ws/install/py_pkg:/opt/ros/humble /usr/bin/cmake --build /home/lucifer/humble_ws/study_ws/build/cpp_pkg -- -j8 -l8
