[0.010s] Invoking command in '/home/lucifer/humble_ws/study_ws/build/cpp_pkg': CMAKE_PREFIX_PATH=${CMAKE_PREFIX_PATH}:/home/lucifer/humble_ws/study_ws/install/py_pkg:/opt/ros/humble /usr/bin/cmake --build /home/lucifer/humble_ws/study_ws/build/cpp_pkg -- -j8 -l8
[0.056s] [35m[1mConsolidate compiler generated dependencies of target client_sumServer[0m
[0.072s] [ 16%] Built target NumberPublisher
[0.075s] [ 33%] Built target cpp_node
[0.077s] [ 58%] Built target radio
[0.078s] [ 58%] [32mBuilding CXX object CMakeFiles/client_sumServer.dir/src/client_sumServer.cpp.o[0m
[0.078s] [ 75%] Built target NumberCounter
[0.078s] [ 91%] Built target news_station
[2.650s] In file included from [01m[K/opt/ros/humble/include/rclcpp/rclcpp/logging.hpp:24[m[K,
[2.650s]                  from [01m[K/opt/ros/humble/include/rclcpp/rclcpp/client.hpp:40[m[K,
[2.651s]                  from [01m[K/opt/ros/humble/include/rclcpp/rclcpp/callback_group.hpp:24[m[K,
[2.651s]                  from [01m[K/opt/ros/humble/include/rclcpp/rclcpp/any_executable.hpp:20[m[K,
[2.651s]                  from [01m[K/opt/ros/humble/include/rclcpp/rclcpp/memory_strategy.hpp:25[m[K,
[2.651s]                  from [01m[K/opt/ros/humble/include/rclcpp/rclcpp/memory_strategies.hpp:18[m[K,
[2.651s]                  from [01m[K/opt/ros/humble/include/rclcpp/rclcpp/executor_options.hpp:20[m[K,
[2.651s]                  from [01m[K/opt/ros/humble/include/rclcpp/rclcpp/executor.hpp:37[m[K,
[2.651s]                  from [01m[K/opt/ros/humble/include/rclcpp/rclcpp/executors/multi_threaded_executor.hpp:25[m[K,
[2.651s]                  from [01m[K/opt/ros/humble/include/rclcpp/rclcpp/executors.hpp:21[m[K,
[2.651s]                  from [01m[K/opt/ros/humble/include/rclcpp/rclcpp/rclcpp.hpp:155[m[K,
[2.652s]                  from [01m[K/home/lucifer/humble_ws/study_ws/src/cpp_pkg/src/client_sumServer.cpp:1[m[K:
[2.652s] [01m[K/home/lucifer/humble_ws/study_ws/src/cpp_pkg/src/client_sumServer.cpp:[m[K In member function â€˜[01m[Kvoid sumServerNode::sumServer_callback(example_interfaces::srv::AddTwoInts_Request_<std::allocator<void> >::SharedPtr, example_interfaces::srv::AddTwoInts_Response_<std::allocator<void> >::SharedPtr)[m[Kâ€™:
[2.652s] [01m[K/home/lucifer/humble_ws/study_ws/src/cpp_pkg/src/client_sumServer.cpp:23:41:[m[K [01;31m[Kerror: [m[Kexpected primary-expression before â€˜[01m[K%[m[Kâ€™ token
[2.652s]    23 |         RCLCPP_INFO(this->get_logger(), [01;31m[K%[m[Kd + %d = %d, request->a, request->b, response->sum);
[2.652s]       |                                         [01;31m[K^[m[K
[2.655s] [01m[K/home/lucifer/humble_ws/study_ws/src/cpp_pkg/src/client_sumServer.cpp:23:42:[m[K [01;31m[Kerror: [m[Kâ€˜[01m[Kd[m[Kâ€™ was not declared in this scope
[2.655s]    23 |         RCLCPP_INFO(this->get_logger(), %[01;31m[Kd[m[K + %d = %d, request->a, request->b, response->sum);
[2.656s]       |                                          [01;31m[K^[m[K
[2.656s] [01m[K/home/lucifer/humble_ws/study_ws/src/cpp_pkg/src/client_sumServer.cpp:23:46:[m[K [01;31m[Kerror: [m[Kexpected primary-expression before â€˜[01m[K%[m[Kâ€™ token
[2.656s]    23 |         RCLCPP_INFO(this->get_logger(), %d + [01;31m[K%[m[Kd = %d, request->a, request->b, response->sum);
[2.656s]       |                                              [01;31m[K^[m[K
[2.656s] [01m[K/home/lucifer/humble_ws/study_ws/src/cpp_pkg/src/client_sumServer.cpp:23:51:[m[K [01;31m[Kerror: [m[Kexpected primary-expression before â€˜[01m[K%[m[Kâ€™ token
[2.656s]    23 |         RCLCPP_INFO(this->get_logger(), %d + %d = [01;31m[K%[m[Kd, request->a, request->b, response->sum);
[2.656s]       |                                                   [01;31m[K^[m[K
[3.377s] gmake[2]: *** [CMakeFiles/client_sumServer.dir/build.make:76: CMakeFiles/client_sumServer.dir/src/client_sumServer.cpp.o] Error 1
[3.378s] gmake[1]: *** [CMakeFiles/Makefile2:277: CMakeFiles/client_sumServer.dir/all] Error 2
[3.378s] gmake: *** [Makefile:146: all] Error 2
[3.380s] Invoked command in '/home/lucifer/humble_ws/study_ws/build/cpp_pkg' returned '2': CMAKE_PREFIX_PATH=${CMAKE_PREFIX_PATH}:/home/lucifer/humble_ws/study_ws/install/py_pkg:/opt/ros/humble /usr/bin/cmake --build /home/lucifer/humble_ws/study_ws/build/cpp_pkg -- -j8 -l8
