[01m[K/home/lucifer/humble_ws/study_ws/src/cpp_pkg/src/client_sumServer.cpp:[m[K In constructor â€˜[01m[KClient_SumServer_Node::Client_SumServer_Node()[m[Kâ€™:
[01m[K/home/lucifer/humble_ws/study_ws/src/cpp_pkg/src/client_sumServer.cpp:11:18:[m[K [01;31m[Kerror: [m[Kâ€˜[01m[Kclass std::vector<std::thread>[m[Kâ€™ has no member named â€˜[01m[Kpushback[m[Kâ€™; did you mean â€˜[01m[Kpush_back[m[Kâ€™?
   11 |         threads_.[01;31m[Kpushback[m[K(std::thread(
      |                  [01;31m[K^~~~~~~~[m[K
      |                  [32m[Kpush_back[m[K
[01m[K/home/lucifer/humble_ws/study_ws/src/cpp_pkg/src/client_sumServer.cpp:14:18:[m[K [01;31m[Kerror: [m[Kâ€˜[01m[Kclass std::vector<std::thread>[m[Kâ€™ has no member named â€˜[01m[Kpushback[m[Kâ€™; did you mean â€˜[01m[Kpush_back[m[Kâ€™?
   14 |         threads_.[01;31m[Kpushback[m[K(std::thread(
      |                  [01;31m[K^~~~~~~~[m[K
      |                  [32m[Kpush_back[m[K
[01m[K/home/lucifer/humble_ws/study_ws/src/cpp_pkg/src/client_sumServer.cpp:16:69:[m[K [01;31m[Kerror: [m[Kexpected â€˜[01m[K)[m[Kâ€™ before â€˜[01m[K;[m[Kâ€™ token
   16 |                           this, rand() % 100 + 1, rand() % 100 + 1))[01;31m[K;[m[K)
      |                                                                     [01;31m[K^[m[K
[01m[K/home/lucifer/humble_ws/study_ws/src/cpp_pkg/src/client_sumServer.cpp:14:26:[m[K [01;36m[Knote: [m[Kto match this â€˜[01m[K([m[Kâ€™
   14 |         threads_.pushback[01;36m[K([m[Kstd::thread(
      |                          [01;36m[K^[m[K
[01m[K/home/lucifer/humble_ws/study_ws/src/cpp_pkg/src/client_sumServer.cpp:16:70:[m[K [01;31m[Kerror: [m[Kexpected primary-expression before â€˜[01m[K)[m[Kâ€™ token
   16 |                           this, rand() % 100 + 1, rand() % 100 + 1));[01;31m[K)[m[K
      |                                                                      [01;31m[K^[m[K
gmake[2]: *** [CMakeFiles/client_sumServer.dir/build.make:76: CMakeFiles/client_sumServer.dir/src/client_sumServer.cpp.o] Error 1
gmake[1]: *** [CMakeFiles/Makefile2:333: CMakeFiles/client_sumServer.dir/all] Error 2
gmake: *** [Makefile:146: all] Error 2
