[0.039s] Invoking command in '/home/lucifer/humble_ws/study_ws/build/cpp_pkg': CMAKE_PREFIX_PATH=${CMAKE_PREFIX_PATH}:/home/lucifer/humble_ws/study_ws/install/py_pkg:/opt/ros/humble /usr/bin/cmake --build /home/lucifer/humble_ws/study_ws/build/cpp_pkg -- -j8 -l8
[0.309s] [ 12%] Built target cpp_node
[0.315s] [ 25%] Built target news_station
[0.318s] [ 50%] Built target radio
[0.319s] [ 50%] Built target NumberCounter
[0.323s] [ 56%] [32mBuilding CXX object CMakeFiles/client_sumServer.dir/src/client_sumServer.cpp.o[0m
[0.325s] [ 68%] Built target sumServer
[0.327s] [ 81%] Built target client_sumServer_noop
[0.333s] [ 93%] Built target NumberPublisher
[10.644s] [01m[K/home/lucifer/humble_ws/study_ws/src/cpp_pkg/src/client_sumServer.cpp:[m[K In constructor â€˜[01m[KClient_SumServer_Node::Client_SumServer_Node()[m[Kâ€™:
[10.644s] [01m[K/home/lucifer/humble_ws/study_ws/src/cpp_pkg/src/client_sumServer.cpp:11:18:[m[K [01;31m[Kerror: [m[Kâ€˜[01m[Kclass std::vector<std::thread>[m[Kâ€™ has no member named â€˜[01m[Kpushback[m[Kâ€™; did you mean â€˜[01m[Kpush_back[m[Kâ€™?
[10.645s]    11 |         threads_.[01;31m[Kpushback[m[K(std::thread(
[10.646s]       |                  [01;31m[K^~~~~~~~[m[K
[10.646s]       |                  [32m[Kpush_back[m[K
[10.669s] [01m[K/home/lucifer/humble_ws/study_ws/src/cpp_pkg/src/client_sumServer.cpp:14:18:[m[K [01;31m[Kerror: [m[Kâ€˜[01m[Kclass std::vector<std::thread>[m[Kâ€™ has no member named â€˜[01m[Kpushback[m[Kâ€™; did you mean â€˜[01m[Kpush_back[m[Kâ€™?
[10.670s]    14 |         threads_.[01;31m[Kpushback[m[K(std::thread(
[10.671s]       |                  [01;31m[K^~~~~~~~[m[K
[10.671s]       |                  [32m[Kpush_back[m[K
[10.672s] [01m[K/home/lucifer/humble_ws/study_ws/src/cpp_pkg/src/client_sumServer.cpp:16:69:[m[K [01;31m[Kerror: [m[Kexpected â€˜[01m[K)[m[Kâ€™ before â€˜[01m[K;[m[Kâ€™ token
[10.672s]    16 |                           this, rand() % 100 + 1, rand() % 100 + 1))[01;31m[K;[m[K)
[10.673s]       |                                                                     [01;31m[K^[m[K
[10.673s] [01m[K/home/lucifer/humble_ws/study_ws/src/cpp_pkg/src/client_sumServer.cpp:14:26:[m[K [01;36m[Knote: [m[Kto match this â€˜[01m[K([m[Kâ€™
[10.674s]    14 |         threads_.pushback[01;36m[K([m[Kstd::thread(
[10.674s]       |                          [01;36m[K^[m[K
[10.675s] [01m[K/home/lucifer/humble_ws/study_ws/src/cpp_pkg/src/client_sumServer.cpp:16:70:[m[K [01;31m[Kerror: [m[Kexpected primary-expression before â€˜[01m[K)[m[Kâ€™ token
[10.675s]    16 |                           this, rand() % 100 + 1, rand() % 100 + 1));[01;31m[K)[m[K
[10.676s]       |                                                                      [01;31m[K^[m[K
[13.736s] gmake[2]: *** [CMakeFiles/client_sumServer.dir/build.make:76: CMakeFiles/client_sumServer.dir/src/client_sumServer.cpp.o] Error 1
[13.737s] gmake[1]: *** [CMakeFiles/Makefile2:333: CMakeFiles/client_sumServer.dir/all] Error 2
[13.737s] gmake: *** [Makefile:146: all] Error 2
[13.747s] Invoked command in '/home/lucifer/humble_ws/study_ws/build/cpp_pkg' returned '2': CMAKE_PREFIX_PATH=${CMAKE_PREFIX_PATH}:/home/lucifer/humble_ws/study_ws/install/py_pkg:/opt/ros/humble /usr/bin/cmake --build /home/lucifer/humble_ws/study_ws/build/cpp_pkg -- -j8 -l8
