[01m[K/home/lucifer/humble_ws/study_ws/src/cpp_pkg/src/NumberCounter.cpp:14:31:[m[K [01;31m[Kerror: [m[Kâ€˜[01m[Kexample_interfaces[m[Kâ€™ does not name a type
   14 |     void callbackNumber(const [01;31m[Kexample_interfaces[m[K::msg::Int64::SharedPtr msg) {
      |                               [01;31m[K^~~~~~~~~~~~~~~~~~[m[K
[01m[K/home/lucifer/humble_ws/study_ws/src/cpp_pkg/src/NumberCounter.cpp:14:54:[m[K [01;31m[Kerror: [m[Kexpected unqualified-id before â€˜[01m[K::[m[Kâ€™ token
   14 |     void callbackNumber(const example_interfaces::msg[01;31m[K::[m[KInt64::SharedPtr msg) {
      |                                                      [01;31m[K^~[m[K
[01m[K/home/lucifer/humble_ws/study_ws/src/cpp_pkg/src/NumberCounter.cpp:14:54:[m[K [01;31m[Kerror: [m[Kexpected â€˜[01m[K)[m[Kâ€™ before â€˜[01m[K::[m[Kâ€™ token
   14 |     void callbackNumber[34m[K([m[Kconst example_interfaces::msg[01;31m[K:[m[K[32m[K:[m[KInt64::SharedPtr msg) {
      |                        [34m[K~[m[K                             [01;31m[K^[m[K[32m[K~[m[K
      |                                                      [32m[K)[m[K
[01m[K/home/lucifer/humble_ws/study_ws/src/cpp_pkg/src/NumberCounter.cpp:14:51:[m[K [01;31m[Kerror: [m[Kexpected â€˜[01m[K;[m[Kâ€™ at end of member declaration
   14 |     void callbackNumber(const example_interfaces::[01;31m[Kmsg[m[K::Int64::SharedPtr msg) {
      |                                                   [01;31m[K^~~[m[K
      |                                                      [32m[K;[m[K
[01m[K/home/lucifer/humble_ws/study_ws/src/cpp_pkg/src/NumberCounter.cpp:14:56:[m[K [01;31m[Kerror: [m[Kâ€˜[01m[KInt64[m[Kâ€™ in namespace â€˜[01m[K::[m[Kâ€™ does not name a type
   14 |     void callbackNumber(const example_interfaces::msg::[01;31m[KInt64[m[K::SharedPtr msg) {
      |                                                        [01;31m[K^~~~~[m[K
[01m[K/home/lucifer/humble_ws/study_ws/src/cpp_pkg/src/NumberPublisher.cpp:21:23:[m[K [01;31m[Kerror: [m[Kâ€˜[01m[Kexample_interfaces[m[Kâ€™ was not declared in this scope; did you mean â€˜[01m[Krcl_interfaces[m[Kâ€™?
   21 |     rclcpp::Publisher<[01;31m[Kexample_interfaces[m[K::msg::Int64>::SharedPtr publisher_;
      |                       [01;31m[K^~~~~~~~~~~~~~~~~~[m[K
      |                       [32m[Krcl_interfaces[m[K
[01m[K/home/lucifer/humble_ws/study_ws/src/cpp_pkg/src/NumberPublisher.cpp:21:53:[m[K [01;31m[Kerror: [m[Ktemplate argument 1 is invalid
   21 |     rclcpp::Publisher<example_interfaces::msg::Int64[01;31m[K>[m[K::SharedPtr publisher_;
      |                                                     [01;31m[K^[m[K
[01m[K/home/lucifer/humble_ws/study_ws/src/cpp_pkg/src/NumberPublisher.cpp:21:56:[m[K [01;31m[Kerror: [m[Kexpected â€˜[01m[K;[m[Kâ€™ at end of member declaration
   21 |     rclcpp::Publisher<example_interfaces::msg::Int64>::[01;31m[KSharedPtr[m[K publisher_;
      |                                                        [01;31m[K^~~~~~~~~[m[K
      |                                                                 [32m[K;[m[K
[01m[K/home/lucifer/humble_ws/study_ws/src/cpp_pkg/src/NumberPublisher.cpp:21:66:[m[K [01;31m[Kerror: [m[Kâ€˜[01m[Kpublisher_[m[Kâ€™ does not name a type; did you mean â€˜[01m[Krmw_publisher_t[m[Kâ€™?
   21 |     rclcpp::Publisher<example_interfaces::msg::Int64>::SharedPtr [01;31m[Kpublisher_[m[K;
      |                                                                  [01;31m[K^~~~~~~~~~[m[K
      |                                                                  [32m[Krmw_publisher_t[m[K
[01m[K/home/lucifer/humble_ws/study_ws/src/cpp_pkg/src/NumberCounter.cpp:23:26:[m[K [01;31m[Kerror: [m[Kâ€˜[01m[Kexample_interfaces[m[Kâ€™ was not declared in this scope; did you mean â€˜[01m[Krcl_interfaces[m[Kâ€™?
   23 |     rclcpp::Subscription<[01;31m[Kexample_interfaces[m[K::msg::Int64>::SharedPtr subscriber_;
      |                          [01;31m[K^~~~~~~~~~~~~~~~~~[m[K
      |                          [32m[Krcl_interfaces[m[K
[01m[K/home/lucifer/humble_ws/study_ws/src/cpp_pkg/src/NumberCounter.cpp:23:56:[m[K [01;31m[Kerror: [m[Ktemplate argument 1 is invalid
   23 |     rclcpp::Subscription<example_interfaces::msg::Int64[01;31m[K>[m[K::SharedPtr subscriber_;
      |                                                        [01;31m[K^[m[K
[01m[K/home/lucifer/humble_ws/study_ws/src/cpp_pkg/src/NumberCounter.cpp:23:56:[m[K [01;31m[Kerror: [m[Ktemplate argument 3 is invalid
[01m[K/home/lucifer/humble_ws/study_ws/src/cpp_pkg/src/NumberCounter.cpp:23:56:[m[K [01;31m[Kerror: [m[Ktemplate argument 4 is invalid
[01m[K/home/lucifer/humble_ws/study_ws/src/cpp_pkg/src/NumberCounter.cpp:23:56:[m[K [01;31m[Kerror: [m[Ktemplate argument 5 is invalid
[01m[K/home/lucifer/humble_ws/study_ws/src/cpp_pkg/src/NumberCounter.cpp:23:59:[m[K [01;31m[Kerror: [m[Kexpected â€˜[01m[K;[m[Kâ€™ at end of member declaration
   23 |     rclcpp::Subscription<example_interfaces::msg::Int64>::[01;31m[KSharedPtr[m[K subscriber_;
      |                                                           [01;31m[K^~~~~~~~~[m[K
      |                                                                    [32m[K;[m[K
[01m[K/home/lucifer/humble_ws/study_ws/src/cpp_pkg/src/NumberCounter.cpp:23:69:[m[K [01;31m[Kerror: [m[Kâ€˜[01m[Ksubscriber_[m[Kâ€™ does not name a type
   23 |     rclcpp::Subscription<example_interfaces::msg::Int64>::SharedPtr [01;31m[Ksubscriber_[m[K;
      |                                                                     [01;31m[K^~~~~~~~~~~[m[K
[01m[K/home/lucifer/humble_ws/study_ws/src/cpp_pkg/src/NumberPublisher.cpp:[m[K In constructor â€˜[01m[KNumberPublisher::NumberPublisher()[m[Kâ€™:
[01m[K/home/lucifer/humble_ws/study_ws/src/cpp_pkg/src/NumberPublisher.cpp:8:9:[m[K [01;31m[Kerror: [m[Kâ€˜[01m[Kpublisher_[m[Kâ€™ was not declared in this scope; did you mean â€˜[01m[KpublishNumber[m[Kâ€™?
    8 |         [01;31m[Kpublisher_[m[K = this->create_publisher<example_interfaces::msg::Int64>("number", 10);
      |         [01;31m[K^~~~~~~~~~[m[K
      |         [32m[KpublishNumber[m[K
[01m[K/home/lucifer/humble_ws/study_ws/src/cpp_pkg/src/NumberCounter.cpp:24:23:[m[K [01;31m[Kerror: [m[Kâ€˜[01m[Kexample_interfaces[m[Kâ€™ was not declared in this scope; did you mean â€˜[01m[Krcl_interfaces[m[Kâ€™?
   24 |     rclcpp::Publisher<[01;31m[Kexample_interfaces[m[K::msg::Int64>::SharedPtr publisher_;
      |                       [01;31m[K^~~~~~~~~~~~~~~~~~[m[K
      |                       [32m[Krcl_interfaces[m[K
[01m[K/home/lucifer/humble_ws/study_ws/src/cpp_pkg/src/NumberCounter.cpp:24:53:[m[K [01;31m[Kerror: [m[Ktemplate argument 1 is invalid
   24 |     rclcpp::Publisher<example_interfaces::msg::Int64[01;31m[K>[m[K::SharedPtr publisher_;
      |                                                     [01;31m[K^[m[K
[01m[K/home/lucifer/humble_ws/study_ws/src/cpp_pkg/src/NumberCounter.cpp:24:56:[m[K [01;31m[Kerror: [m[Kexpected â€˜[01m[K;[m[Kâ€™ at end of member declaration
   24 |     rclcpp::Publisher<example_interfaces::msg::Int64>::[01;31m[KSharedPtr[m[K publisher_;
      |                                                        [01;31m[K^~~~~~~~~[m[K
      |                                                                 [32m[K;[m[K
[01m[K/home/lucifer/humble_ws/study_ws/src/cpp_pkg/src/NumberCounter.cpp:24:56:[m[K [01;31m[Kerror: [m[Kredeclaration of â€˜[01m[Kint NumberCounter::SharedPtr[m[Kâ€™
[01m[K/home/lucifer/humble_ws/study_ws/src/cpp_pkg/src/NumberCounter.cpp:23:59:[m[K [01;36m[Knote: [m[Kprevious declaration â€˜[01m[Kint NumberCounter::SharedPtr[m[Kâ€™
   23 |     rclcpp::Subscription<example_interfaces::msg::Int64>::[01;36m[KSharedPtr[m[K subscriber_;
      |                                                           [01;36m[K^~~~~~~~~[m[K
[01m[K/home/lucifer/humble_ws/study_ws/src/cpp_pkg/src/NumberCounter.cpp:24:66:[m[K [01;31m[Kerror: [m[Kâ€˜[01m[Kpublisher_[m[Kâ€™ does not name a type; did you mean â€˜[01m[Krmw_publisher_t[m[Kâ€™?
   24 |     rclcpp::Publisher<example_interfaces::msg::Int64>::SharedPtr [01;31m[Kpublisher_[m[K;
      |                                                                  [01;31m[K^~~~~~~~~~[m[K
      |                                                                  [32m[Krmw_publisher_t[m[K
[01m[K/home/lucifer/humble_ws/study_ws/src/cpp_pkg/src/NumberPublisher.cpp:8:45:[m[K [01;31m[Kerror: [m[Kâ€˜[01m[Kexample_interfaces[m[Kâ€™ was not declared in this scope; did you mean â€˜[01m[Krcl_interfaces[m[Kâ€™?
    8 |         publisher_ = this->create_publisher<[01;31m[Kexample_interfaces[m[K::msg::Int64>("number", 10);
      |                                             [01;31m[K^~~~~~~~~~~~~~~~~~[m[K
      |                                             [32m[Krcl_interfaces[m[K
[01m[K/home/lucifer/humble_ws/study_ws/src/cpp_pkg/src/NumberPublisher.cpp:8:28:[m[K [01;31m[Kerror: [m[Kparse error in template argument list
    8 |         publisher_ = this->[01;31m[Kcreate_publisher<example_interfaces::msg::Int64>[m[K("number", 10);
      |                            [01;31m[K^~~~~~~~~~~~~~~~~~~~~~~~~~~~~~~~~~~~~~~~~~~~~~~~[m[K
[01m[K/home/lucifer/humble_ws/study_ws/src/cpp_pkg/src/NumberPublisher.cpp:8:76:[m[K [01;31m[Kerror: [m[Kno matching function for call to â€˜[01m[KNumberPublisher::create_publisher<<expression error> >(const char [7], int)[m[Kâ€™
    8 |         publisher_ = [01;31m[Kthis->create_publisher<example_interfaces::msg::Int64>("number", 10)[m[K;
      |                      [01;31m[K~~~~~~~~~~~~~~~~~~~~~~~~~~~~~~~~~~~~~~~~~~~~~~~~~~~~~~^~~~~~~~~~~~~~[m[K
In file included from [01m[K/opt/ros/humble/include/rclcpp/rclcpp/executors/single_threaded_executor.hpp:28[m[K,
                 from [01m[K/opt/ros/humble/include/rclcpp/rclcpp/executors.hpp:22[m[K,
                 from [01m[K/opt/ros/humble/include/rclcpp/rclcpp/rclcpp.hpp:155[m[K,
                 from [01m[K/home/lucifer/humble_ws/study_ws/src/cpp_pkg/src/NumberPublisher.cpp:1[m[K:
[01m[K/opt/ros/humble/include/rclcpp/rclcpp/node.hpp:195:3:[m[K [01;36m[Knote: [m[Kcandidate: â€˜[01m[Ktemplate<class MessageT, class AllocatorT, class PublisherT> std::shared_ptr<PublisherT> rclcpp::Node::create_publisher(const string&, const rclcpp::QoS&, const rclcpp::PublisherOptionsWithAllocator<AllocatorT>&)[m[Kâ€™
  195 |   [01;36m[Kcreate_publisher[m[K(
      |   [01;36m[K^~~~~~~~~~~~~~~~[m[K
[01m[K/opt/ros/humble/include/rclcpp/rclcpp/node.hpp:195:3:[m[K [01;36m[Knote: [m[K  template argument deduction/substitution failed:
[01m[K/home/lucifer/humble_ws/study_ws/src/cpp_pkg/src/NumberPublisher.cpp:8:76:[m[K [01;31m[Kerror: [m[Ktemplate argument 1 is invalid
    8 |         publisher_ = [01;31m[Kthis->create_publisher<example_interfaces::msg::Int64>("number", 10)[m[K;
      |                      [01;31m[K~~~~~~~~~~~~~~~~~~~~~~~~~~~~~~~~~~~~~~~~~~~~~~~~~~~~~~^~~~~~~~~~~~~~[m[K
[01m[K/home/lucifer/humble_ws/study_ws/src/cpp_pkg/src/NumberCounter.cpp:[m[K In constructor â€˜[01m[KNumberCounter::NumberCounter()[m[Kâ€™:
[01m[K/home/lucifer/humble_ws/study_ws/src/cpp_pkg/src/NumberCounter.cpp:7:9:[m[K [01;31m[Kerror: [m[Kâ€˜[01m[Ksubscriber_[m[Kâ€™ was not declared in this scope
    7 |         [01;31m[Ksubscriber_[m[K = this->create_subscription<example_interfaces::msg::Int64>(
      |         [01;31m[K^~~~~~~~~~~[m[K
[01m[K/home/lucifer/humble_ws/study_ws/src/cpp_pkg/src/NumberPublisher.cpp:[m[K In member function â€˜[01m[Kvoid NumberPublisher::publishNumber()[m[Kâ€™:
[01m[K/home/lucifer/humble_ws/study_ws/src/cpp_pkg/src/NumberPublisher.cpp:15:24:[m[K [01;31m[Kerror: [m[Kâ€˜[01m[Kexample_interfaces[m[Kâ€™ has not been declared
   15 |         auto message = [01;31m[Kexample_interfaces[m[K::msg::Int64();
      |                        [01;31m[K^~~~~~~~~~~~~~~~~~[m[K
[01m[K/home/lucifer/humble_ws/study_ws/src/cpp_pkg/src/NumberCounter.cpp:7:49:[m[K [01;31m[Kerror: [m[Kâ€˜[01m[Kexample_interfaces[m[Kâ€™ was not declared in this scope; did you mean â€˜[01m[Krcl_interfaces[m[Kâ€™?
    7 |         subscriber_ = this->create_subscription<[01;31m[Kexample_interfaces[m[K::msg::Int64>(
      |                                                 [01;31m[K^~~~~~~~~~~~~~~~~~[m[K
      |                                                 [32m[Krcl_interfaces[m[K
[01m[K/home/lucifer/humble_ws/study_ws/src/cpp_pkg/src/NumberCounter.cpp:7:29:[m[K [01;31m[Kerror: [m[Kparse error in template argument list
    7 |         subscriber_ = this->[01;31m[Kcreate_subscription<example_interfaces::msg::Int64>[m[K(
      |                             [01;31m[K^~~~~~~~~~~~~~~~~~~~~~~~~~~~~~~~~~~~~~~~~~~~~~~~~~~[m[K
[01m[K/home/lucifer/humble_ws/study_ws/src/cpp_pkg/src/NumberPublisher.cpp:18:9:[m[K [01;31m[Kerror: [m[Kâ€˜[01m[Kpublisher_[m[Kâ€™ was not declared in this scope; did you mean â€˜[01m[KpublishNumber[m[Kâ€™?
   18 |         [01;31m[Kpublisher_[m[K->publish(message);
      |         [01;31m[K^~~~~~~~~~[m[K
      |         [32m[KpublishNumber[m[K
[01m[K/home/lucifer/humble_ws/study_ws/src/cpp_pkg/src/NumberCounter.cpp:7:80:[m[K [01;31m[Kerror: [m[Kno matching function for call to â€˜[01m[KNumberCounter::create_subscription<<expression error> >(const char [7], int, std::_Bind_helper<false, void (NumberCounter::*)(...), NumberCounter*, const std::_Placeholder<1>&>::type)[m[Kâ€™
    7 |         subscriber_ = [01;31m[Kthis->create_subscription<example_interfaces::msg::Int64>([m[K
      |                       [01;31m[K~~~~~~~~~~~~~~~~~~~~~~~~~~~~~~~~~~~~~~~~~~~~~~~~~~~~~~~~~^[m[K
    8 | [01;31m[K            "number", 10, std::bind(&NumberCounter::callbackNumber, this, std::placeholders::_1))[m[K;
      |             [01;31m[K~~~~~~~~~~~~~~~~~~~~~~~~~~~~~~~~~~~~~~~~~~~~~~~~~~~~~~~~~~~~~~~~~~~~~~~~~~~~~~~~~~~~~[m[K
In file included from [01m[K/opt/ros/humble/include/rclcpp/rclcpp/executors/single_threaded_executor.hpp:28[m[K,
                 from [01m[K/opt/ros/humble/include/rclcpp/rclcpp/executors.hpp:22[m[K,
                 from [01m[K/opt/ros/humble/include/rclcpp/rclcpp/rclcpp.hpp:155[m[K,
                 from [01m[K/home/lucifer/humble_ws/study_ws/src/cpp_pkg/src/NumberCounter.cpp:1[m[K:
[01m[K/opt/ros/humble/include/rclcpp/rclcpp/node.hpp:219:3:[m[K [01;36m[Knote: [m[Kcandidate: â€˜[01m[Ktemplate<class MessageT, class CallbackT, class AllocatorT, class SubscriptionT, class MessageMemoryStrategyT> std::shared_ptr<ROSMessageT> rclcpp::Node::create_subscription(const string&, const rclcpp::QoS&, CallbackT&&, const rclcpp::SubscriptionOptionsWithAllocator<AllocatorT>&, typename MessageMemoryStrategyT::SharedPtr)[m[Kâ€™
  219 |   [01;36m[Kcreate_subscription[m[K(
      |   [01;36m[K^~~~~~~~~~~~~~~~~~~[m[K
[01m[K/opt/ros/humble/include/rclcpp/rclcpp/node.hpp:219:3:[m[K [01;36m[Knote: [m[K  template argument deduction/substitution failed:
[01m[K/home/lucifer/humble_ws/study_ws/src/cpp_pkg/src/NumberCounter.cpp:7:80:[m[K [01;31m[Kerror: [m[Ktemplate argument 1 is invalid
    7 |         subscriber_ = [01;31m[Kthis->create_subscription<example_interfaces::msg::Int64>([m[K
      |                       [01;31m[K~~~~~~~~~~~~~~~~~~~~~~~~~~~~~~~~~~~~~~~~~~~~~~~~~~~~~~~~~^[m[K
    8 | [01;31m[K            "number", 10, std::bind(&NumberCounter::callbackNumber, this, std::placeholders::_1))[m[K;
      |             [01;31m[K~~~~~~~~~~~~~~~~~~~~~~~~~~~~~~~~~~~~~~~~~~~~~~~~~~~~~~~~~~~~~~~~~~~~~~~~~~~~~~~~~~~~~[m[K
[01m[K/home/lucifer/humble_ws/study_ws/src/cpp_pkg/src/NumberCounter.cpp:10:9:[m[K [01;31m[Kerror: [m[Kâ€˜[01m[Kpublisher_[m[Kâ€™ was not declared in this scope; did you mean â€˜[01m[Krmw_publisher_t[m[Kâ€™?
   10 |         [01;31m[Kpublisher_[m[K = this->create_publisher<example_interfaces::msg::Int64>("number_count", 10);
      |         [01;31m[K^~~~~~~~~~[m[K
      |         [32m[Krmw_publisher_t[m[K
[01m[K/home/lucifer/humble_ws/study_ws/src/cpp_pkg/src/NumberCounter.cpp:10:28:[m[K [01;31m[Kerror: [m[Kparse error in template argument list
   10 |         publisher_ = this->[01;31m[Kcreate_publisher<example_interfaces::msg::Int64>[m[K("number_count", 10);
      |                            [01;31m[K^~~~~~~~~~~~~~~~~~~~~~~~~~~~~~~~~~~~~~~~~~~~~~~~[m[K
[01m[K/home/lucifer/humble_ws/study_ws/src/cpp_pkg/src/NumberCounter.cpp:10:76:[m[K [01;31m[Kerror: [m[Kno matching function for call to â€˜[01m[KNumberCounter::create_publisher<example_interfaces>(const char [13], int)[m[Kâ€™
   10 |         publisher_ = [01;31m[Kthis->create_publisher<example_interfaces::msg::Int64>("number_count", 10)[m[K;
      |                      [01;31m[K~~~~~~~~~~~~~~~~~~~~~~~~~~~~~~~~~~~~~~~~~~~~~~~~~~~~~~^~~~~~~~~~~~~~~~~~~~[m[K
In file included from [01m[K/opt/ros/humble/include/rclcpp/rclcpp/executors/single_threaded_executor.hpp:28[m[K,
                 from [01m[K/opt/ros/humble/include/rclcpp/rclcpp/executors.hpp:22[m[K,
                 from [01m[K/opt/ros/humble/include/rclcpp/rclcpp/rclcpp.hpp:155[m[K,
                 from [01m[K/home/lucifer/humble_ws/study_ws/src/cpp_pkg/src/NumberCounter.cpp:1[m[K:
[01m[K/opt/ros/humble/include/rclcpp/rclcpp/node.hpp:195:3:[m[K [01;36m[Knote: [m[Kcandidate: â€˜[01m[Ktemplate<class MessageT, class AllocatorT, class PublisherT> std::shared_ptr<PublisherT> rclcpp::Node::create_publisher(const string&, const rclcpp::QoS&, const rclcpp::PublisherOptionsWithAllocator<AllocatorT>&)[m[Kâ€™
  195 |   [01;36m[Kcreate_publisher[m[K(
      |   [01;36m[K^~~~~~~~~~~~~~~~[m[K
[01m[K/opt/ros/humble/include/rclcpp/rclcpp/node.hpp:195:3:[m[K [01;36m[Knote: [m[K  template argument deduction/substitution failed:
gmake[2]: *** [CMakeFiles/NumberCounter.dir/build.make:76: CMakeFiles/NumberCounter.dir/src/NumberCounter.cpp.o] Error 1
gmake[1]: *** [CMakeFiles/Makefile2:249: CMakeFiles/NumberCounter.dir/all] Error 2
gmake[1]: *** Waiting for unfinished jobs....
gmake[2]: *** [CMakeFiles/NumberPublisher.dir/build.make:76: CMakeFiles/NumberPublisher.dir/src/NumberPublisher.cpp.o] Error 1
gmake[1]: *** [CMakeFiles/Makefile2:223: CMakeFiles/NumberPublisher.dir/all] Error 2
gmake: *** [Makefile:146: all] Error 2
