[0.015s] Invoking command in '/home/lucifer/humble_ws/study_ws/build/cpp_pkg': CMAKE_PREFIX_PATH=${CMAKE_PREFIX_PATH}:/home/lucifer/humble_ws/study_ws/install/py_pkg:/opt/ros/humble /usr/bin/cmake --build /home/lucifer/humble_ws/study_ws/build/cpp_pkg -- -j8 -l8
[0.083s] [ 10%] [32mBuilding CXX object CMakeFiles/NumberPublisher.dir/src/NumberPublisher.cpp.o[0m
[0.087s] [ 20%] [32mBuilding CXX object CMakeFiles/NumberCounter.dir/src/NumberCounter.cpp.o[0m
[0.092s] [ 40%] Built target news_station
[0.094s] [ 60%] Built target cpp_node
[0.097s] [ 80%] Built target radio
[2.908s] [01m[K/home/lucifer/humble_ws/study_ws/src/cpp_pkg/src/NumberCounter.cpp:14:31:[m[K [01;31m[Kerror: [m[Kâ€˜[01m[Kexample_interfaces[m[Kâ€™ does not name a type
[2.908s]    14 |     void callbackNumber(const [01;31m[Kexample_interfaces[m[K::msg::Int64::SharedPtr msg) {
[2.908s]       |                               [01;31m[K^~~~~~~~~~~~~~~~~~[m[K
[2.908s] [01m[K/home/lucifer/humble_ws/study_ws/src/cpp_pkg/src/NumberCounter.cpp:14:54:[m[K [01;31m[Kerror: [m[Kexpected unqualified-id before â€˜[01m[K::[m[Kâ€™ token
[2.908s]    14 |     void callbackNumber(const example_interfaces::msg[01;31m[K::[m[KInt64::SharedPtr msg) {
[2.909s]       |                                                      [01;31m[K^~[m[K
[2.909s] [01m[K/home/lucifer/humble_ws/study_ws/src/cpp_pkg/src/NumberCounter.cpp:14:54:[m[K [01;31m[Kerror: [m[Kexpected â€˜[01m[K)[m[Kâ€™ before â€˜[01m[K::[m[Kâ€™ token
[2.909s]    14 |     void callbackNumber[34m[K([m[Kconst example_interfaces::msg[01;31m[K:[m[K[32m[K:[m[KInt64::SharedPtr msg) {
[2.909s]       |                        [34m[K~[m[K                             [01;31m[K^[m[K[32m[K~[m[K
[2.909s]       |                                                      [32m[K)[m[K
[2.909s] [01m[K/home/lucifer/humble_ws/study_ws/src/cpp_pkg/src/NumberCounter.cpp:14:51:[m[K [01;31m[Kerror: [m[Kexpected â€˜[01m[K;[m[Kâ€™ at end of member declaration
[2.909s]    14 |     void callbackNumber(const example_interfaces::[01;31m[Kmsg[m[K::Int64::SharedPtr msg) {
[2.909s]       |                                                   [01;31m[K^~~[m[K
[2.909s]       |                                                      [32m[K;[m[K
[2.910s] [01m[K/home/lucifer/humble_ws/study_ws/src/cpp_pkg/src/NumberCounter.cpp:14:56:[m[K [01;31m[Kerror: [m[Kâ€˜[01m[KInt64[m[Kâ€™ in namespace â€˜[01m[K::[m[Kâ€™ does not name a type
[2.910s]    14 |     void callbackNumber(const example_interfaces::msg::[01;31m[KInt64[m[K::SharedPtr msg) {
[2.910s]       |                                                        [01;31m[K^~~~~[m[K
[2.916s] [01m[K/home/lucifer/humble_ws/study_ws/src/cpp_pkg/src/NumberPublisher.cpp:21:23:[m[K [01;31m[Kerror: [m[Kâ€˜[01m[Kexample_interfaces[m[Kâ€™ was not declared in this scope; did you mean â€˜[01m[Krcl_interfaces[m[Kâ€™?
[2.916s]    21 |     rclcpp::Publisher<[01;31m[Kexample_interfaces[m[K::msg::Int64>::SharedPtr publisher_;
[2.916s]       |                       [01;31m[K^~~~~~~~~~~~~~~~~~[m[K
[2.916s]       |                       [32m[Krcl_interfaces[m[K
[2.916s] [01m[K/home/lucifer/humble_ws/study_ws/src/cpp_pkg/src/NumberPublisher.cpp:21:53:[m[K [01;31m[Kerror: [m[Ktemplate argument 1 is invalid
[2.916s]    21 |     rclcpp::Publisher<example_interfaces::msg::Int64[01;31m[K>[m[K::SharedPtr publisher_;
[2.916s]       |                                                     [01;31m[K^[m[K
[2.917s] [01m[K/home/lucifer/humble_ws/study_ws/src/cpp_pkg/src/NumberPublisher.cpp:21:56:[m[K [01;31m[Kerror: [m[Kexpected â€˜[01m[K;[m[Kâ€™ at end of member declaration
[2.917s]    21 |     rclcpp::Publisher<example_interfaces::msg::Int64>::[01;31m[KSharedPtr[m[K publisher_;
[2.917s]       |                                                        [01;31m[K^~~~~~~~~[m[K
[2.917s]       |                                                                 [32m[K;[m[K
[2.918s] [01m[K/home/lucifer/humble_ws/study_ws/src/cpp_pkg/src/NumberPublisher.cpp:21:66:[m[K [01;31m[Kerror: [m[Kâ€˜[01m[Kpublisher_[m[Kâ€™ does not name a type; did you mean â€˜[01m[Krmw_publisher_t[m[Kâ€™?
[2.918s]    21 |     rclcpp::Publisher<example_interfaces::msg::Int64>::SharedPtr [01;31m[Kpublisher_[m[K;
[2.918s]       |                                                                  [01;31m[K^~~~~~~~~~[m[K
[2.919s]       |                                                                  [32m[Krmw_publisher_t[m[K
[2.921s] [01m[K/home/lucifer/humble_ws/study_ws/src/cpp_pkg/src/NumberCounter.cpp:23:26:[m[K [01;31m[Kerror: [m[Kâ€˜[01m[Kexample_interfaces[m[Kâ€™ was not declared in this scope; did you mean â€˜[01m[Krcl_interfaces[m[Kâ€™?
[2.921s]    23 |     rclcpp::Subscription<[01;31m[Kexample_interfaces[m[K::msg::Int64>::SharedPtr subscriber_;
[2.921s]       |                          [01;31m[K^~~~~~~~~~~~~~~~~~[m[K
[2.921s]       |                          [32m[Krcl_interfaces[m[K
[2.922s] [01m[K/home/lucifer/humble_ws/study_ws/src/cpp_pkg/src/NumberCounter.cpp:23:56:[m[K [01;31m[Kerror: [m[Ktemplate argument 1 is invalid
[2.922s]    23 |     rclcpp::Subscription<example_interfaces::msg::Int64[01;31m[K>[m[K::SharedPtr subscriber_;
[2.922s]       |                                                        [01;31m[K^[m[K
[2.922s] [01m[K/home/lucifer/humble_ws/study_ws/src/cpp_pkg/src/NumberCounter.cpp:23:56:[m[K [01;31m[Kerror: [m[Ktemplate argument 3 is invalid
[2.922s] [01m[K/home/lucifer/humble_ws/study_ws/src/cpp_pkg/src/NumberCounter.cpp:23:56:[m[K [01;31m[Kerror: [m[Ktemplate argument 4 is invalid
[2.922s] [01m[K/home/lucifer/humble_ws/study_ws/src/cpp_pkg/src/NumberCounter.cpp:23:56:[m[K [01;31m[Kerror: [m[Ktemplate argument 5 is invalid
[2.922s] [01m[K/home/lucifer/humble_ws/study_ws/src/cpp_pkg/src/NumberCounter.cpp:23:59:[m[K [01;31m[Kerror: [m[Kexpected â€˜[01m[K;[m[Kâ€™ at end of member declaration
[2.922s]    23 |     rclcpp::Subscription<example_interfaces::msg::Int64>::[01;31m[KSharedPtr[m[K subscriber_;
[2.922s]       |                                                           [01;31m[K^~~~~~~~~[m[K
[2.922s]       |                                                                    [32m[K;[m[K
[2.923s] [01m[K/home/lucifer/humble_ws/study_ws/src/cpp_pkg/src/NumberCounter.cpp:23:69:[m[K [01;31m[Kerror: [m[Kâ€˜[01m[Ksubscriber_[m[Kâ€™ does not name a type
[2.923s]    23 |     rclcpp::Subscription<example_interfaces::msg::Int64>::SharedPtr [01;31m[Ksubscriber_[m[K;
[2.923s]       |                                                                     [01;31m[K^~~~~~~~~~~[m[K
[2.927s] [01m[K/home/lucifer/humble_ws/study_ws/src/cpp_pkg/src/NumberPublisher.cpp:[m[K In constructor â€˜[01m[KNumberPublisher::NumberPublisher()[m[Kâ€™:
[2.927s] [01m[K/home/lucifer/humble_ws/study_ws/src/cpp_pkg/src/NumberPublisher.cpp:8:9:[m[K [01;31m[Kerror: [m[Kâ€˜[01m[Kpublisher_[m[Kâ€™ was not declared in this scope; did you mean â€˜[01m[KpublishNumber[m[Kâ€™?
[2.927s]     8 |         [01;31m[Kpublisher_[m[K = this->create_publisher<example_interfaces::msg::Int64>("number", 10);
[2.927s]       |         [01;31m[K^~~~~~~~~~[m[K
[2.927s]       |         [32m[KpublishNumber[m[K
[2.934s] [01m[K/home/lucifer/humble_ws/study_ws/src/cpp_pkg/src/NumberCounter.cpp:24:23:[m[K [01;31m[Kerror: [m[Kâ€˜[01m[Kexample_interfaces[m[Kâ€™ was not declared in this scope; did you mean â€˜[01m[Krcl_interfaces[m[Kâ€™?
[2.934s]    24 |     rclcpp::Publisher<[01;31m[Kexample_interfaces[m[K::msg::Int64>::SharedPtr publisher_;
[2.934s]       |                       [01;31m[K^~~~~~~~~~~~~~~~~~[m[K
[2.934s]       |                       [32m[Krcl_interfaces[m[K
[2.934s] [01m[K/home/lucifer/humble_ws/study_ws/src/cpp_pkg/src/NumberCounter.cpp:24:53:[m[K [01;31m[Kerror: [m[Ktemplate argument 1 is invalid
[2.934s]    24 |     rclcpp::Publisher<example_interfaces::msg::Int64[01;31m[K>[m[K::SharedPtr publisher_;
[2.934s]       |                                                     [01;31m[K^[m[K
[2.935s] [01m[K/home/lucifer/humble_ws/study_ws/src/cpp_pkg/src/NumberCounter.cpp:24:56:[m[K [01;31m[Kerror: [m[Kexpected â€˜[01m[K;[m[Kâ€™ at end of member declaration
[2.935s]    24 |     rclcpp::Publisher<example_interfaces::msg::Int64>::[01;31m[KSharedPtr[m[K publisher_;
[2.935s]       |                                                        [01;31m[K^~~~~~~~~[m[K
[2.935s]       |                                                                 [32m[K;[m[K
[2.935s] [01m[K/home/lucifer/humble_ws/study_ws/src/cpp_pkg/src/NumberCounter.cpp:24:56:[m[K [01;31m[Kerror: [m[Kredeclaration of â€˜[01m[Kint NumberCounter::SharedPtr[m[Kâ€™
[2.935s] [01m[K/home/lucifer/humble_ws/study_ws/src/cpp_pkg/src/NumberCounter.cpp:23:59:[m[K [01;36m[Knote: [m[Kprevious declaration â€˜[01m[Kint NumberCounter::SharedPtr[m[Kâ€™
[2.935s]    23 |     rclcpp::Subscription<example_interfaces::msg::Int64>::[01;36m[KSharedPtr[m[K subscriber_;
[2.935s]       |                                                           [01;36m[K^~~~~~~~~[m[K
[2.935s] [01m[K/home/lucifer/humble_ws/study_ws/src/cpp_pkg/src/NumberCounter.cpp:24:66:[m[K [01;31m[Kerror: [m[Kâ€˜[01m[Kpublisher_[m[Kâ€™ does not name a type; did you mean â€˜[01m[Krmw_publisher_t[m[Kâ€™?
[2.936s]    24 |     rclcpp::Publisher<example_interfaces::msg::Int64>::SharedPtr [01;31m[Kpublisher_[m[K;
[2.936s]       |                                                                  [01;31m[K^~~~~~~~~~[m[K
[2.936s]       |                                                                  [32m[Krmw_publisher_t[m[K
[2.939s] [01m[K/home/lucifer/humble_ws/study_ws/src/cpp_pkg/src/NumberPublisher.cpp:8:45:[m[K [01;31m[Kerror: [m[Kâ€˜[01m[Kexample_interfaces[m[Kâ€™ was not declared in this scope; did you mean â€˜[01m[Krcl_interfaces[m[Kâ€™?
[2.939s]     8 |         publisher_ = this->create_publisher<[01;31m[Kexample_interfaces[m[K::msg::Int64>("number", 10);
[2.939s]       |                                             [01;31m[K^~~~~~~~~~~~~~~~~~[m[K
[2.939s]       |                                             [32m[Krcl_interfaces[m[K
[2.940s] [01m[K/home/lucifer/humble_ws/study_ws/src/cpp_pkg/src/NumberPublisher.cpp:8:28:[m[K [01;31m[Kerror: [m[Kparse error in template argument list
[2.940s]     8 |         publisher_ = this->[01;31m[Kcreate_publisher<example_interfaces::msg::Int64>[m[K("number", 10);
[2.940s]       |                            [01;31m[K^~~~~~~~~~~~~~~~~~~~~~~~~~~~~~~~~~~~~~~~~~~~~~~~[m[K
[2.940s] [01m[K/home/lucifer/humble_ws/study_ws/src/cpp_pkg/src/NumberPublisher.cpp:8:76:[m[K [01;31m[Kerror: [m[Kno matching function for call to â€˜[01m[KNumberPublisher::create_publisher<<expression error> >(const char [7], int)[m[Kâ€™
[2.940s]     8 |         publisher_ = [01;31m[Kthis->create_publisher<example_interfaces::msg::Int64>("number", 10)[m[K;
[2.940s]       |                      [01;31m[K~~~~~~~~~~~~~~~~~~~~~~~~~~~~~~~~~~~~~~~~~~~~~~~~~~~~~~^~~~~~~~~~~~~~[m[K
[2.940s] In file included from [01m[K/opt/ros/humble/include/rclcpp/rclcpp/executors/single_threaded_executor.hpp:28[m[K,
[2.940s]                  from [01m[K/opt/ros/humble/include/rclcpp/rclcpp/executors.hpp:22[m[K,
[2.940s]                  from [01m[K/opt/ros/humble/include/rclcpp/rclcpp/rclcpp.hpp:155[m[K,
[2.940s]                  from [01m[K/home/lucifer/humble_ws/study_ws/src/cpp_pkg/src/NumberPublisher.cpp:1[m[K:
[2.940s] [01m[K/opt/ros/humble/include/rclcpp/rclcpp/node.hpp:195:3:[m[K [01;36m[Knote: [m[Kcandidate: â€˜[01m[Ktemplate<class MessageT, class AllocatorT, class PublisherT> std::shared_ptr<PublisherT> rclcpp::Node::create_publisher(const string&, const rclcpp::QoS&, const rclcpp::PublisherOptionsWithAllocator<AllocatorT>&)[m[Kâ€™
[2.940s]   195 |   [01;36m[Kcreate_publisher[m[K(
[2.940s]       |   [01;36m[K^~~~~~~~~~~~~~~~[m[K
[2.940s] [01m[K/opt/ros/humble/include/rclcpp/rclcpp/node.hpp:195:3:[m[K [01;36m[Knote: [m[K  template argument deduction/substitution failed:
[2.941s] [01m[K/home/lucifer/humble_ws/study_ws/src/cpp_pkg/src/NumberPublisher.cpp:8:76:[m[K [01;31m[Kerror: [m[Ktemplate argument 1 is invalid
[2.941s]     8 |         publisher_ = [01;31m[Kthis->create_publisher<example_interfaces::msg::Int64>("number", 10)[m[K;
[2.941s]       |                      [01;31m[K~~~~~~~~~~~~~~~~~~~~~~~~~~~~~~~~~~~~~~~~~~~~~~~~~~~~~~^~~~~~~~~~~~~~[m[K
[2.945s] [01m[K/home/lucifer/humble_ws/study_ws/src/cpp_pkg/src/NumberCounter.cpp:[m[K In constructor â€˜[01m[KNumberCounter::NumberCounter()[m[Kâ€™:
[2.945s] [01m[K/home/lucifer/humble_ws/study_ws/src/cpp_pkg/src/NumberCounter.cpp:7:9:[m[K [01;31m[Kerror: [m[Kâ€˜[01m[Ksubscriber_[m[Kâ€™ was not declared in this scope
[2.945s]     7 |         [01;31m[Ksubscriber_[m[K = this->create_subscription<example_interfaces::msg::Int64>(
[2.945s]       |         [01;31m[K^~~~~~~~~~~[m[K
[2.951s] [01m[K/home/lucifer/humble_ws/study_ws/src/cpp_pkg/src/NumberPublisher.cpp:[m[K In member function â€˜[01m[Kvoid NumberPublisher::publishNumber()[m[Kâ€™:
[2.951s] [01m[K/home/lucifer/humble_ws/study_ws/src/cpp_pkg/src/NumberPublisher.cpp:15:24:[m[K [01;31m[Kerror: [m[Kâ€˜[01m[Kexample_interfaces[m[Kâ€™ has not been declared
[2.952s]    15 |         auto message = [01;31m[Kexample_interfaces[m[K::msg::Int64();
[2.952s]       |                        [01;31m[K^~~~~~~~~~~~~~~~~~[m[K
[2.955s] [01m[K/home/lucifer/humble_ws/study_ws/src/cpp_pkg/src/NumberCounter.cpp:7:49:[m[K [01;31m[Kerror: [m[Kâ€˜[01m[Kexample_interfaces[m[Kâ€™ was not declared in this scope; did you mean â€˜[01m[Krcl_interfaces[m[Kâ€™?
[2.955s]     7 |         subscriber_ = this->create_subscription<[01;31m[Kexample_interfaces[m[K::msg::Int64>(
[2.956s]       |                                                 [01;31m[K^~~~~~~~~~~~~~~~~~[m[K
[2.956s]       |                                                 [32m[Krcl_interfaces[m[K
[2.956s] [01m[K/home/lucifer/humble_ws/study_ws/src/cpp_pkg/src/NumberCounter.cpp:7:29:[m[K [01;31m[Kerror: [m[Kparse error in template argument list
[2.956s]     7 |         subscriber_ = this->[01;31m[Kcreate_subscription<example_interfaces::msg::Int64>[m[K(
[2.956s]       |                             [01;31m[K^~~~~~~~~~~~~~~~~~~~~~~~~~~~~~~~~~~~~~~~~~~~~~~~~~~[m[K
[2.959s] [01m[K/home/lucifer/humble_ws/study_ws/src/cpp_pkg/src/NumberPublisher.cpp:18:9:[m[K [01;31m[Kerror: [m[Kâ€˜[01m[Kpublisher_[m[Kâ€™ was not declared in this scope; did you mean â€˜[01m[KpublishNumber[m[Kâ€™?
[2.959s]    18 |         [01;31m[Kpublisher_[m[K->publish(message);
[2.959s]       |         [01;31m[K^~~~~~~~~~[m[K
[2.959s]       |         [32m[KpublishNumber[m[K
[2.961s] [01m[K/home/lucifer/humble_ws/study_ws/src/cpp_pkg/src/NumberCounter.cpp:7:80:[m[K [01;31m[Kerror: [m[Kno matching function for call to â€˜[01m[KNumberCounter::create_subscription<<expression error> >(const char [7], int, std::_Bind_helper<false, void (NumberCounter::*)(...), NumberCounter*, const std::_Placeholder<1>&>::type)[m[Kâ€™
[2.961s]     7 |         subscriber_ = [01;31m[Kthis->create_subscription<example_interfaces::msg::Int64>([m[K
[2.961s]       |                       [01;31m[K~~~~~~~~~~~~~~~~~~~~~~~~~~~~~~~~~~~~~~~~~~~~~~~~~~~~~~~~~^[m[K
[2.961s]     8 | [01;31m[K            "number", 10, std::bind(&NumberCounter::callbackNumber, this, std::placeholders::_1))[m[K;
[2.961s]       |             [01;31m[K~~~~~~~~~~~~~~~~~~~~~~~~~~~~~~~~~~~~~~~~~~~~~~~~~~~~~~~~~~~~~~~~~~~~~~~~~~~~~~~~~~~~~[m[K
[2.961s] In file included from [01m[K/opt/ros/humble/include/rclcpp/rclcpp/executors/single_threaded_executor.hpp:28[m[K,
[2.961s]                  from [01m[K/opt/ros/humble/include/rclcpp/rclcpp/executors.hpp:22[m[K,
[2.961s]                  from [01m[K/opt/ros/humble/include/rclcpp/rclcpp/rclcpp.hpp:155[m[K,
[2.961s]                  from [01m[K/home/lucifer/humble_ws/study_ws/src/cpp_pkg/src/NumberCounter.cpp:1[m[K:
[2.961s] [01m[K/opt/ros/humble/include/rclcpp/rclcpp/node.hpp:219:3:[m[K [01;36m[Knote: [m[Kcandidate: â€˜[01m[Ktemplate<class MessageT, class CallbackT, class AllocatorT, class SubscriptionT, class MessageMemoryStrategyT> std::shared_ptr<ROSMessageT> rclcpp::Node::create_subscription(const string&, const rclcpp::QoS&, CallbackT&&, const rclcpp::SubscriptionOptionsWithAllocator<AllocatorT>&, typename MessageMemoryStrategyT::SharedPtr)[m[Kâ€™
[2.961s]   219 |   [01;36m[Kcreate_subscription[m[K(
[2.961s]       |   [01;36m[K^~~~~~~~~~~~~~~~~~~[m[K
[2.962s] [01m[K/opt/ros/humble/include/rclcpp/rclcpp/node.hpp:219:3:[m[K [01;36m[Knote: [m[K  template argument deduction/substitution failed:
[2.962s] [01m[K/home/lucifer/humble_ws/study_ws/src/cpp_pkg/src/NumberCounter.cpp:7:80:[m[K [01;31m[Kerror: [m[Ktemplate argument 1 is invalid
[2.962s]     7 |         subscriber_ = [01;31m[Kthis->create_subscription<example_interfaces::msg::Int64>([m[K
[2.962s]       |                       [01;31m[K~~~~~~~~~~~~~~~~~~~~~~~~~~~~~~~~~~~~~~~~~~~~~~~~~~~~~~~~~^[m[K
[2.962s]     8 | [01;31m[K            "number", 10, std::bind(&NumberCounter::callbackNumber, this, std::placeholders::_1))[m[K;
[2.962s]       |             [01;31m[K~~~~~~~~~~~~~~~~~~~~~~~~~~~~~~~~~~~~~~~~~~~~~~~~~~~~~~~~~~~~~~~~~~~~~~~~~~~~~~~~~~~~~[m[K
[2.968s] [01m[K/home/lucifer/humble_ws/study_ws/src/cpp_pkg/src/NumberCounter.cpp:10:9:[m[K [01;31m[Kerror: [m[Kâ€˜[01m[Kpublisher_[m[Kâ€™ was not declared in this scope; did you mean â€˜[01m[Krmw_publisher_t[m[Kâ€™?
[2.968s]    10 |         [01;31m[Kpublisher_[m[K = this->create_publisher<example_interfaces::msg::Int64>("number_count", 10);
[2.968s]       |         [01;31m[K^~~~~~~~~~[m[K
[2.968s]       |         [32m[Krmw_publisher_t[m[K
[2.968s] [01m[K/home/lucifer/humble_ws/study_ws/src/cpp_pkg/src/NumberCounter.cpp:10:28:[m[K [01;31m[Kerror: [m[Kparse error in template argument list
[2.968s]    10 |         publisher_ = this->[01;31m[Kcreate_publisher<example_interfaces::msg::Int64>[m[K("number_count", 10);
[2.968s]       |                            [01;31m[K^~~~~~~~~~~~~~~~~~~~~~~~~~~~~~~~~~~~~~~~~~~~~~~~[m[K
[2.968s] [01m[K/home/lucifer/humble_ws/study_ws/src/cpp_pkg/src/NumberCounter.cpp:10:76:[m[K [01;31m[Kerror: [m[Kno matching function for call to â€˜[01m[KNumberCounter::create_publisher<example_interfaces>(const char [13], int)[m[Kâ€™
[2.968s]    10 |         publisher_ = [01;31m[Kthis->create_publisher<example_interfaces::msg::Int64>("number_count", 10)[m[K;
[2.968s]       |                      [01;31m[K~~~~~~~~~~~~~~~~~~~~~~~~~~~~~~~~~~~~~~~~~~~~~~~~~~~~~~^~~~~~~~~~~~~~~~~~~~[m[K
[2.968s] In file included from [01m[K/opt/ros/humble/include/rclcpp/rclcpp/executors/single_threaded_executor.hpp:28[m[K,
[2.968s]                  from [01m[K/opt/ros/humble/include/rclcpp/rclcpp/executors.hpp:22[m[K,
[2.969s]                  from [01m[K/opt/ros/humble/include/rclcpp/rclcpp/rclcpp.hpp:155[m[K,
[2.969s]                  from [01m[K/home/lucifer/humble_ws/study_ws/src/cpp_pkg/src/NumberCounter.cpp:1[m[K:
[2.969s] [01m[K/opt/ros/humble/include/rclcpp/rclcpp/node.hpp:195:3:[m[K [01;36m[Knote: [m[Kcandidate: â€˜[01m[Ktemplate<class MessageT, class AllocatorT, class PublisherT> std::shared_ptr<PublisherT> rclcpp::Node::create_publisher(const string&, const rclcpp::QoS&, const rclcpp::PublisherOptionsWithAllocator<AllocatorT>&)[m[Kâ€™
[2.969s]   195 |   [01;36m[Kcreate_publisher[m[K(
[2.969s]       |   [01;36m[K^~~~~~~~~~~~~~~~[m[K
[2.969s] [01m[K/opt/ros/humble/include/rclcpp/rclcpp/node.hpp:195:3:[m[K [01;36m[Knote: [m[K  template argument deduction/substitution failed:
[3.502s] gmake[2]: *** [CMakeFiles/NumberCounter.dir/build.make:76: CMakeFiles/NumberCounter.dir/src/NumberCounter.cpp.o] Error 1
[3.502s] gmake[1]: *** [CMakeFiles/Makefile2:249: CMakeFiles/NumberCounter.dir/all] Error 2
[3.502s] gmake[1]: *** Waiting for unfinished jobs....
[3.532s] gmake[2]: *** [CMakeFiles/NumberPublisher.dir/build.make:76: CMakeFiles/NumberPublisher.dir/src/NumberPublisher.cpp.o] Error 1
[3.533s] gmake[1]: *** [CMakeFiles/Makefile2:223: CMakeFiles/NumberPublisher.dir/all] Error 2
[3.533s] gmake: *** [Makefile:146: all] Error 2
[3.536s] Invoked command in '/home/lucifer/humble_ws/study_ws/build/cpp_pkg' returned '2': CMAKE_PREFIX_PATH=${CMAKE_PREFIX_PATH}:/home/lucifer/humble_ws/study_ws/install/py_pkg:/opt/ros/humble /usr/bin/cmake --build /home/lucifer/humble_ws/study_ws/build/cpp_pkg -- -j8 -l8
