[33mCMake Warning (dev) at CMakeLists.txt:23 (add_executable):
  Policy CMP0115 is not set: Source file extensions must be explicit.  Run
  "cmake --help-policy CMP0115" for policy details.  Use the cmake_policy
  command to set the policy and suppress this warning.

  File:

    /home/lucifer/humble_ws/study_ws/src/cpp_pkg/src/NumberPublisher.cpp
This warning is for project developers.  Use -Wno-dev to suppress it.
[0m
[33mCMake Warning (dev) at CMakeLists.txt:26 (add_executable):
  Policy CMP0115 is not set: Source file extensions must be explicit.  Run
  "cmake --help-policy CMP0115" for policy details.  Use the cmake_policy
  command to set the policy and suppress this warning.

  File:

    /home/lucifer/humble_ws/study_ws/src/cpp_pkg/src/NumberCounter.cpp
This warning is for project developers.  Use -Wno-dev to suppress it.
[0m
In file included from [01m[K/opt/ros/humble/include/rclcpp/rclcpp/logging.hpp:24[m[K,
                 from [01m[K/opt/ros/humble/include/rclcpp/rclcpp/client.hpp:40[m[K,
                 from [01m[K/opt/ros/humble/include/rclcpp/rclcpp/callback_group.hpp:24[m[K,
                 from [01m[K/opt/ros/humble/include/rclcpp/rclcpp/any_executable.hpp:20[m[K,
                 from [01m[K/opt/ros/humble/include/rclcpp/rclcpp/memory_strategy.hpp:25[m[K,
                 from [01m[K/opt/ros/humble/include/rclcpp/rclcpp/memory_strategies.hpp:18[m[K,
                 from [01m[K/opt/ros/humble/include/rclcpp/rclcpp/executor_options.hpp:20[m[K,
                 from [01m[K/opt/ros/humble/include/rclcpp/rclcpp/executor.hpp:37[m[K,
                 from [01m[K/opt/ros/humble/include/rclcpp/rclcpp/executors/multi_threaded_executor.hpp:25[m[K,
                 from [01m[K/opt/ros/humble/include/rclcpp/rclcpp/executors.hpp:21[m[K,
                 from [01m[K/opt/ros/humble/include/rclcpp/rclcpp/rclcpp.hpp:155[m[K,
                 from [01m[K/home/lucifer/humble_ws/study_ws/src/cpp_pkg/src/client_sumServer.cpp:1[m[K:
[01m[K/home/lucifer/humble_ws/study_ws/src/cpp_pkg/src/client_sumServer.cpp:[m[K In member function â€˜[01m[Kvoid sumServerNode::sumServer_callback(example_interfaces::srv::AddTwoInts_Request_<std::allocator<void> >::SharedPtr, example_interfaces::srv::AddTwoInts_Response_<std::allocator<void> >::SharedPtr)[m[Kâ€™:
[01m[K/home/lucifer/humble_ws/study_ws/src/cpp_pkg/src/client_sumServer.cpp:23:41:[m[K [01;31m[Kerror: [m[Kexpected primary-expression before â€˜[01m[K%[m[Kâ€™ token
   23 |         RCLCPP_INFO(this->get_logger(), [01;31m[K%[m[Kd + %d = %d, request->a, request->b, response->sum)
      |                                         [01;31m[K^[m[K
[01m[K/home/lucifer/humble_ws/study_ws/src/cpp_pkg/src/client_sumServer.cpp:23:42:[m[K [01;31m[Kerror: [m[Kâ€˜[01m[Kd[m[Kâ€™ was not declared in this scope
   23 |         RCLCPP_INFO(this->get_logger(), %[01;31m[Kd[m[K + %d = %d, request->a, request->b, response->sum)
      |                                          [01;31m[K^[m[K
[01m[K/home/lucifer/humble_ws/study_ws/src/cpp_pkg/src/client_sumServer.cpp:23:46:[m[K [01;31m[Kerror: [m[Kexpected primary-expression before â€˜[01m[K%[m[Kâ€™ token
   23 |         RCLCPP_INFO(this->get_logger(), %d + [01;31m[K%[m[Kd = %d, request->a, request->b, response->sum)
      |                                              [01;31m[K^[m[K
[01m[K/home/lucifer/humble_ws/study_ws/src/cpp_pkg/src/client_sumServer.cpp:23:51:[m[K [01;31m[Kerror: [m[Kexpected primary-expression before â€˜[01m[K%[m[Kâ€™ token
   23 |         RCLCPP_INFO(this->get_logger(), %d + %d = [01;31m[K%[m[Kd, request->a, request->b, response->sum)
      |                                                   [01;31m[K^[m[K
[01m[K/home/lucifer/humble_ws/study_ws/src/cpp_pkg/src/client_sumServer.cpp:24:5:[m[K [01;31m[Kerror: [m[Kexpected â€˜[01m[K;[m[Kâ€™ before â€˜[01m[K}[m[Kâ€™ token
   24 |     [01;31m[K}[m[K
      |     [01;31m[K^[m[K
gmake[2]: *** [CMakeFiles/client_sumServer.dir/build.make:76: CMakeFiles/client_sumServer.dir/src/client_sumServer.cpp.o] Error 1
gmake[1]: *** [CMakeFiles/Makefile2:277: CMakeFiles/client_sumServer.dir/all] Error 2
gmake: *** [Makefile:146: all] Error 2
