[0.050s] Invoking command in '/home/lucifer/humble_ws/study_ws/build/cpp_pkg': CMAKE_PREFIX_PATH=${CMAKE_PREFIX_PATH}:/home/lucifer/humble_ws/study_ws/install/py_pkg:/opt/ros/humble /usr/bin/cmake --build /home/lucifer/humble_ws/study_ws/build/cpp_pkg -- -j8 -l8
[0.299s] [35m[1mConsolidate compiler generated dependencies of target client_sumServer[0m
[0.352s] [ 12%] Built target cpp_node
[0.355s] [ 25%] Built target news_station
[0.371s] [ 37%] Built target sumServer
[0.374s] [ 50%] Built target NumberCounter
[0.382s] [ 62%] Built target radio
[0.391s] [ 75%] Built target NumberPublisher
[0.397s] [ 87%] Built target client_sumServer_noop
[0.435s] [ 93%] [32mBuilding CXX object CMakeFiles/client_sumServer.dir/src/client_sumServer.cpp.o[0m
[10.306s] [01m[K/home/lucifer/humble_ws/study_ws/src/cpp_pkg/src/client_sumServer.cpp:[m[K In constructor â€˜[01m[KClient_SumServer_Node::Client_SumServer_Node()[m[Kâ€™:
[10.306s] [01m[K/home/lucifer/humble_ws/study_ws/src/cpp_pkg/src/client_sumServer.cpp:11:18:[m[K [01;31m[Kerror: [m[Kâ€˜[01m[Kclass std::vector<std::thread>[m[Kâ€™ has no member named â€˜[01m[Kpushback[m[Kâ€™; did you mean â€˜[01m[Kpush_back[m[Kâ€™?
[10.306s]    11 |         threads_.[01;31m[Kpushback[m[K(std::thread(
[10.307s]       |                  [01;31m[K^~~~~~~~[m[K
[10.307s]       |                  [32m[Kpush_back[m[K
[10.330s] [01m[K/home/lucifer/humble_ws/study_ws/src/cpp_pkg/src/client_sumServer.cpp:14:18:[m[K [01;31m[Kerror: [m[Kâ€˜[01m[Kclass std::vector<std::thread>[m[Kâ€™ has no member named â€˜[01m[Kpushback[m[Kâ€™; did you mean â€˜[01m[Kpush_back[m[Kâ€™?
[10.331s]    14 |         threads_.[01;31m[Kpushback[m[K(std::thread(
[10.331s]       |                  [01;31m[K^~~~~~~~[m[K
[10.331s]       |                  [32m[Kpush_back[m[K
[12.989s] gmake[2]: *** [CMakeFiles/client_sumServer.dir/build.make:76: CMakeFiles/client_sumServer.dir/src/client_sumServer.cpp.o] Error 1
[12.990s] gmake[1]: *** [CMakeFiles/Makefile2:333: CMakeFiles/client_sumServer.dir/all] Error 2
[12.990s] gmake: *** [Makefile:146: all] Error 2
[13.000s] Invoked command in '/home/lucifer/humble_ws/study_ws/build/cpp_pkg' returned '2': CMAKE_PREFIX_PATH=${CMAKE_PREFIX_PATH}:/home/lucifer/humble_ws/study_ws/install/py_pkg:/opt/ros/humble /usr/bin/cmake --build /home/lucifer/humble_ws/study_ws/build/cpp_pkg -- -j8 -l8
