[0.012s] Invoking command in '/home/lucifer/humble_ws/study_ws/build/cpp_pkg': CMAKE_PREFIX_PATH=${CMAKE_PREFIX_PATH}:/home/lucifer/humble_ws/study_ws/install/py_pkg:/opt/ros/humble /usr/bin/cmake --build /home/lucifer/humble_ws/study_ws/build/cpp_pkg -- -j8 -l8
[0.074s] [35m[1mConsolidate compiler generated dependencies of target client_sumServer[0m
[0.089s] [ 18%] Built target client_sumServer_noop
[0.089s] [ 37%] Built target NumberCounter
[0.090s] [ 50%] Built target NumberPublisher
[0.090s] [ 43%] Built target radio
[0.090s] [ 62%] Built target cpp_node
[0.091s] [ 75%] Built target news_station
[0.094s] [ 87%] Built target sumServer
[0.104s] [ 93%] [32mBuilding CXX object CMakeFiles/client_sumServer.dir/src/client_sumServer.cpp.o[0m
[2.749s] [01m[K/home/lucifer/humble_ws/study_ws/src/cpp_pkg/src/client_sumServer.cpp:[m[K In constructor â€˜[01m[KClient_SumServer_Node::Client_SumServer_Node()[m[Kâ€™:
[2.749s] [01m[K/home/lucifer/humble_ws/study_ws/src/cpp_pkg/src/client_sumServer.cpp:15:5:[m[K [01;31m[Kerror: [m[Kexpected â€˜[01m[K;[m[Kâ€™ before â€˜[01m[K}[m[Kâ€™ token
[2.749s]    15 |     [01;31m[K}[m[K
[2.749s]       |     [01;31m[K^[m[K
[2.807s] In file included from [01m[K/opt/ros/humble/include/rclcpp/rclcpp/client.hpp:40[m[K,
[2.807s]                  from [01m[K/opt/ros/humble/include/rclcpp/rclcpp/callback_group.hpp:24[m[K,
[2.807s]                  from [01m[K/opt/ros/humble/include/rclcpp/rclcpp/any_executable.hpp:20[m[K,
[2.808s]                  from [01m[K/opt/ros/humble/include/rclcpp/rclcpp/memory_strategy.hpp:25[m[K,
[2.808s]                  from [01m[K/opt/ros/humble/include/rclcpp/rclcpp/memory_strategies.hpp:18[m[K,
[2.808s]                  from [01m[K/opt/ros/humble/include/rclcpp/rclcpp/executor_options.hpp:20[m[K,
[2.808s]                  from [01m[K/opt/ros/humble/include/rclcpp/rclcpp/executor.hpp:37[m[K,
[2.808s]                  from [01m[K/opt/ros/humble/include/rclcpp/rclcpp/executors/multi_threaded_executor.hpp:25[m[K,
[2.808s]                  from [01m[K/opt/ros/humble/include/rclcpp/rclcpp/executors.hpp:21[m[K,
[2.808s]                  from [01m[K/opt/ros/humble/include/rclcpp/rclcpp/rclcpp.hpp:155[m[K,
[2.808s]                  from [01m[K/home/lucifer/humble_ws/study_ws/src/cpp_pkg/src/client_sumServer.cpp:1[m[K:
[2.808s] [01m[K/home/lucifer/humble_ws/study_ws/src/cpp_pkg/src/client_sumServer.cpp:[m[K In member function â€˜[01m[Kvoid Client_SumServer_Node::Client_SumServer_Callback(int, int)[m[Kâ€™:
[2.808s] [01m[K/home/lucifer/humble_ws/study_ws/src/cpp_pkg/src/client_sumServer.cpp:32:13:[m[K [01;31m[Kerror: [m[Kexpected â€˜[01m[K,[m[Kâ€™ or â€˜[01m[K;[m[Kâ€™ before â€˜[01m[Kdo[m[Kâ€™
[2.808s]    32 |             [01;31m[KRCLCPP_INFO[m[K(this->get_logger(), "%d + %d = %d", a, b, response->sum);
[2.809s]       |             [01;31m[K^~~~~~~~~~~[m[K
[2.809s] [01m[K/home/lucifer/humble_ws/study_ws/src/cpp_pkg/src/client_sumServer.cpp:17:40:[m[K [01;35m[Kwarning: [m[Kunused parameter â€˜[01m[Ka[m[Kâ€™ [[01;35m[K]8;;https://gcc.gnu.org/onlinedocs/gcc/Warning-Options.html#index-Wunused-parameter-Wunused-parameter]8;;[m[K]
[2.809s]    17 |     void Client_SumServer_Callback([01;35m[Kint a[m[K, int b)
[2.809s]       |                                    [01;35m[K~~~~^[m[K
[2.809s] [01m[K/home/lucifer/humble_ws/study_ws/src/cpp_pkg/src/client_sumServer.cpp:17:47:[m[K [01;35m[Kwarning: [m[Kunused parameter â€˜[01m[Kb[m[Kâ€™ [[01;35m[K]8;;https://gcc.gnu.org/onlinedocs/gcc/Warning-Options.html#index-Wunused-parameter-Wunused-parameter]8;;[m[K]
[2.809s]    17 |     void Client_SumServer_Callback(int a, [01;35m[Kint b[m[K)
[2.809s]       |                                           [01;35m[K~~~~^[m[K
[3.715s] gmake[2]: *** [CMakeFiles/client_sumServer.dir/build.make:76: CMakeFiles/client_sumServer.dir/src/client_sumServer.cpp.o] Error 1
[3.715s] gmake[1]: *** [CMakeFiles/Makefile2:333: CMakeFiles/client_sumServer.dir/all] Error 2
[3.716s] gmake: *** [Makefile:146: all] Error 2
[3.718s] Invoked command in '/home/lucifer/humble_ws/study_ws/build/cpp_pkg' returned '2': CMAKE_PREFIX_PATH=${CMAKE_PREFIX_PATH}:/home/lucifer/humble_ws/study_ws/install/py_pkg:/opt/ros/humble /usr/bin/cmake --build /home/lucifer/humble_ws/study_ws/build/cpp_pkg -- -j8 -l8
