[0.013s] Invoking command in '/home/lucifer/humble_ws/study_ws/build/cpp_pkg': CMAKE_PREFIX_PATH=${CMAKE_PREFIX_PATH}:/home/lucifer/humble_ws/study_ws/install/py_pkg:/opt/ros/humble /usr/bin/cmake --build /home/lucifer/humble_ws/study_ws/build/cpp_pkg -- -j8 -l8
[0.051s] -- Found ament_cmake: 1.3.10 (/opt/ros/humble/share/ament_cmake/cmake)
[0.169s] -- Override CMake install command with custom implementation using symlinks instead of copying resources
[0.178s] -- Found rclcpp: 16.0.10 (/opt/ros/humble/share/rclcpp/cmake)
[0.210s] -- Found rosidl_generator_c: 3.1.5 (/opt/ros/humble/share/rosidl_generator_c/cmake)
[0.212s] -- Found rosidl_adapter: 3.1.5 (/opt/ros/humble/share/rosidl_adapter/cmake)
[0.218s] -- Found rosidl_generator_cpp: 3.1.5 (/opt/ros/humble/share/rosidl_generator_cpp/cmake)
[0.227s] -- Using all available rosidl_typesupport_c: rosidl_typesupport_fastrtps_c;rosidl_typesupport_introspection_c
[0.240s] -- Using all available rosidl_typesupport_cpp: rosidl_typesupport_fastrtps_cpp;rosidl_typesupport_introspection_cpp
[0.280s] -- Found rmw_implementation_cmake: 6.1.2 (/opt/ros/humble/share/rmw_implementation_cmake/cmake)
[0.282s] -- Found rmw_fastrtps_cpp: 6.2.7 (/opt/ros/humble/share/rmw_fastrtps_cpp/cmake)
[0.400s] -- Using RMW implementation 'rmw_fastrtps_cpp' as default
[0.463s] -- Found example_interfaces: 0.9.3 (/opt/ros/humble/share/example_interfaces/cmake)
[0.509s] -- Found irobot_interfaces: 0.0.0 (/home/lucifer/humble_ws/study_ws/install/irobot_interfaces/share/irobot_interfaces/cmake)
[0.523s] -- Found ament_lint_auto: 0.12.11 (/opt/ros/humble/share/ament_lint_auto/cmake)
[0.597s] -- Added test 'cppcheck' to perform static code analysis on C / C++ code
[0.597s] -- Configured cppcheck include dirs: 
[0.597s] -- Configured cppcheck exclude dirs and/or files: 
[0.598s] -- Added test 'lint_cmake' to check CMake code style
[0.599s] -- Added test 'uncrustify' to check C / C++ code style
[0.599s] -- Configured uncrustify additional arguments: 
[0.600s] -- Added test 'xmllint' to check XML markup files
[0.601s] -- Configuring done
[0.605s] [33mCMake Warning (dev) at CMakeLists.txt:24 (add_executable):
[0.605s]   Policy CMP0115 is not set: Source file extensions must be explicit.  Run
[0.605s]   "cmake --help-policy CMP0115" for policy details.  Use the cmake_policy
[0.605s]   command to set the policy and suppress this warning.
[0.605s] 
[0.605s]   File:
[0.605s] 
[0.605s]     /home/lucifer/humble_ws/study_ws/src/cpp_pkg/src/NumberPublisher.cpp
[0.605s] This warning is for project developers.  Use -Wno-dev to suppress it.
[0.606s] [0m
[0.606s] [33mCMake Warning (dev) at CMakeLists.txt:27 (add_executable):
[0.606s]   Policy CMP0115 is not set: Source file extensions must be explicit.  Run
[0.606s]   "cmake --help-policy CMP0115" for policy details.  Use the cmake_policy
[0.606s]   command to set the policy and suppress this warning.
[0.606s] 
[0.606s]   File:
[0.606s] 
[0.606s]     /home/lucifer/humble_ws/study_ws/src/cpp_pkg/src/NumberCounter.cpp
[0.606s] This warning is for project developers.  Use -Wno-dev to suppress it.
[0.606s] [0m
[0.607s] [33mCMake Warning (dev) at CMakeLists.txt:33 (add_executable):
[0.607s]   Policy CMP0115 is not set: Source file extensions must be explicit.  Run
[0.607s]   "cmake --help-policy CMP0115" for policy details.  Use the cmake_policy
[0.607s]   command to set the policy and suppress this warning.
[0.607s] 
[0.607s]   File:
[0.607s] 
[0.607s]     /home/lucifer/humble_ws/study_ws/src/cpp_pkg/src/client_sumServer_noop.cpp
[0.607s] This warning is for project developers.  Use -Wno-dev to suppress it.
[0.607s] [0m
[0.645s] -- Generating done
[0.647s] -- Build files have been written to: /home/lucifer/humble_ws/study_ws/build/cpp_pkg
[0.684s] [35m[1mConsolidate compiler generated dependencies of target cpp_node[0m
[0.684s] [35m[1mConsolidate compiler generated dependencies of target NumberPublisher[0m
[0.684s] [35m[1mConsolidate compiler generated dependencies of target news_station[0m
[0.684s] [35m[1mConsolidate compiler generated dependencies of target NumberCounter[0m
[0.685s] [35m[1mConsolidate compiler generated dependencies of target radio[0m
[0.685s] [35m[1mConsolidate compiler generated dependencies of target client_sumServer[0m
[0.685s] [35m[1mConsolidate compiler generated dependencies of target client_sumServer_noop[0m
[0.685s] [35m[1mConsolidate compiler generated dependencies of target sumServer[0m
[0.715s] [ 38%] Built target sumServer
[0.715s] [ 38%] Built target cpp_node
[0.715s] [ 38%] Built target radio
[0.715s] [ 44%] Built target news_station
[0.716s] [ 66%] Built target NumberCounter
[0.716s] [ 66%] Built target NumberPublisher
[0.716s] [ 77%] Built target client_sumServer_noop
[0.716s] [ 88%] Built target client_sumServer
[0.734s] [ 94%] [32mBuilding CXX object CMakeFiles/HardwareStatusPublisher.dir/src/hw_statusPublisher.cpp.o[0m
[3.824s] [01m[K/home/lucifer/humble_ws/study_ws/src/cpp_pkg/src/hw_statusPublisher.cpp:17:11:[m[K [01;31m[Kerror: [m[Kexpected unqualified-id before â€˜[01m[K)[m[Kâ€™ token
[3.824s]    17 |     void ([01;31m[K)[m[K
[3.824s]       |           [01;31m[K^[m[K
[3.833s] [01m[K/home/lucifer/humble_ws/study_ws/src/cpp_pkg/src/hw_statusPublisher.cpp:[m[K In constructor â€˜[01m[KHardwareStatusPublisherNode::HardwareStatusPublisherNode()[m[Kâ€™:
[3.833s] [01m[K/home/lucifer/humble_ws/study_ws/src/cpp_pkg/src/hw_statusPublisher.cpp:13:24:[m[K [01;31m[Kerror: [m[Kâ€˜[01m[KHardwareStatusPublisher[m[Kâ€™ has not been declared
[3.833s]    13 |             std::bind(&[01;31m[KHardwareStatusPublisher[m[K::publishHardwareStatus, this));
[3.833s]       |                        [01;31m[K^~~~~~~~~~~~~~~~~~~~~~~[m[K
[4.691s] gmake[2]: *** [CMakeFiles/HardwareStatusPublisher.dir/build.make:76: CMakeFiles/HardwareStatusPublisher.dir/src/hw_statusPublisher.cpp.o] Error 1
[4.691s] gmake[1]: *** [CMakeFiles/Makefile2:361: CMakeFiles/HardwareStatusPublisher.dir/all] Error 2
[4.691s] gmake: *** [Makefile:146: all] Error 2
[4.694s] Invoked command in '/home/lucifer/humble_ws/study_ws/build/cpp_pkg' returned '2': CMAKE_PREFIX_PATH=${CMAKE_PREFIX_PATH}:/home/lucifer/humble_ws/study_ws/install/py_pkg:/opt/ros/humble /usr/bin/cmake --build /home/lucifer/humble_ws/study_ws/build/cpp_pkg -- -j8 -l8
