[01m[K/home/lucifer/humble_ws/study_ws/src/cpp_pkg/src/news_station.cpp:[m[K In constructor â€˜[01m[Knews_station::news_station()[m[Kâ€™:
[01m[K/home/lucifer/humble_ws/study_ws/src/cpp_pkg/src/news_station.cpp:8:35:[m[K [01;31m[Kerror: [m[Kexpected â€˜[01m[K{[m[Kâ€™ before â€˜[01m[K:[m[Kâ€™ token
    8 |     news_station() : Node("news") [01;31m[K:[m[K robot_name_(r2d2)
      |                                   [01;31m[K^[m[K
gmake[2]: *** [CMakeFiles/news_station.dir/build.make:76: CMakeFiles/news_station.dir/src/news_station.cpp.o] Error 1
gmake[1]: *** [CMakeFiles/Makefile2:165: CMakeFiles/news_station.dir/all] Error 2
gmake: *** [Makefile:146: all] Error 2
