[0.009s] Invoking command in '/home/lucifer/humble_ws/study_ws/build/cpp_pkg': CMAKE_PREFIX_PATH=${CMAKE_PREFIX_PATH}:/home/lucifer/humble_ws/study_ws/install/py_pkg:/opt/ros/humble /usr/bin/cmake --build /home/lucifer/humble_ws/study_ws/build/cpp_pkg -- -j8 -l8
[0.056s] [35m[1mConsolidate compiler generated dependencies of target news_station[0m
[0.071s] [ 50%] Built target cpp_node
[0.076s] [ 75%] [32mBuilding CXX object CMakeFiles/news_station.dir/src/news_station.cpp.o[0m
[2.657s] [01m[K/home/lucifer/humble_ws/study_ws/src/cpp_pkg/src/news_station.cpp:[m[K In constructor â€˜[01m[Knews_station::news_station()[m[Kâ€™:
[2.657s] [01m[K/home/lucifer/humble_ws/study_ws/src/cpp_pkg/src/news_station.cpp:8:35:[m[K [01;31m[Kerror: [m[Kexpected â€˜[01m[K{[m[Kâ€™ before â€˜[01m[K:[m[Kâ€™ token
[2.657s]     8 |     news_station() : Node("news") [01;31m[K:[m[K robot_name_(r2d2)
[2.657s]       |                                   [01;31m[K^[m[K
[3.264s] gmake[2]: *** [CMakeFiles/news_station.dir/build.make:76: CMakeFiles/news_station.dir/src/news_station.cpp.o] Error 1
[3.264s] gmake[1]: *** [CMakeFiles/Makefile2:165: CMakeFiles/news_station.dir/all] Error 2
[3.264s] gmake: *** [Makefile:146: all] Error 2
[3.267s] Invoked command in '/home/lucifer/humble_ws/study_ws/build/cpp_pkg' returned '2': CMAKE_PREFIX_PATH=${CMAKE_PREFIX_PATH}:/home/lucifer/humble_ws/study_ws/install/py_pkg:/opt/ros/humble /usr/bin/cmake --build /home/lucifer/humble_ws/study_ws/build/cpp_pkg -- -j8 -l8
